#
# A fatal error has been detected by the Java Runtime Environment:
#
#  SIGILL (0x4) at pc=0x0000000152297575, pid=1189, tid=0x000000000000670f
#
# JRE version: Java(TM) SE Runtime Environment (8.0_361) (build 1.8.0_361-b09)
# Java VM: Java HotSpot(TM) 64-Bit Server VM (25.361-b09 mixed mode bsd-amd64 compressed oops)
# Problematic frame:
# C  [libtensorflow_framework.2.dylib+0x22575]  _ZN10tensorflow10monitoring9MetricDefILNS0_10MetricKindE1ExLi2EEC2IJA11_cA7_cEEEN4absl12lts_2021032411string_viewES9_DpRKT_+0x125
#
# Failed to write core dump. Core dumps have been disabled. To enable core dumping, try "ulimit -c unlimited" before starting Java again
#
# If you would like to submit a bug report, please visit:
#   http://bugreport.java.com/bugreport/crash.jsp
# The crash happened outside the Java Virtual Machine in native code.
# See problematic frame for where to report the bug.
#

---------------  T H R E A D  ---------------

Current thread (0x00007f921cff1800):  JavaThread "Thread-4" [_thread_in_native, id=26383, stack(0x0000000309d42000,0x0000000309e42000)]

siginfo: si_signo: 4 (SIGILL), si_code: 2 (ILL_ILLTRP), si_addr: 0x0000000152297575

Registers:
RAX=0x0000000309e3a289, RBX=0x0000000309e3a2f0, RCX=0x0000000309e3a28f, RDX=0x0000000000000000
RSP=0x0000000309e3a210, RBP=0x0000000309e3a2d0, RSI=0x00000001533474d4, RDI=0x0000000309e3a289
R8 =0x0000000000000073, R9 =0x00000001533474c3, R10=0x00007f91af4d3550, R11=0x00007fff20398fa0
R12=0x0000000000000006, R13=0x0000000309e3a288, R14=0x00000001533474ce, R15=0x0000000309e3a289
RIP=0x0000000152297575, EFLAGS=0x0000000000000246, ERR=0x0000000000000000
  TRAPNO=0x0000000000000006

Top of Stack: (sp=0x0000000309e3a210)
0x0000000309e3a210:   0000000000000009 0000000000000088
0x0000000309e3a220:   0000000000000088 0000000153347489
0x0000000309e3a230:   0000000000000039 000000000000002d
0x0000000309e3a240:   000000015334745b 0000000309e3a2f0
0x0000000309e3a250:   0000000000000088 0000000000000088
0x0000000309e3a260:   0000000000000001 00007fff889a4000
0x0000000309e3a270:   705f6c65646f6d14 00007fff00687461
0x0000000309e3a280:   0000000000003f92 007375746174730c
0x0000000309e3a290:   00007f91ae243910 000000015334745b
0x0000000309e3a2a0:   f6f4edb14e3600cc 000000015334745b
0x0000000309e3a2b0:   00000001533474ce 0000000153347489
0x0000000309e3a2c0:   00007f91ae243910 000000000000002d
0x0000000309e3a2d0:   0000000309e3a370 000000015228ff9b
0x0000000309e3a2e0:   00000001533474ce 00007f921bef1190
0x0000000309e3a2f0:   00007f91af4a6d10 00007f921bf074c0
0x0000000309e3a300:   000003d7523a4fb6 00007f921cff1800
0x0000000309e3a310:   00000007c0cd5238 00007f91451a16d0
0x0000000309e3a320:   00007f914e2cd0a8 0000000309e3a398
0x0000000309e3a330:   000000035208a440 000000014e2cd088
0x0000000309e3a340:   00000001533474c3 00000001533474c3
0x0000000309e3a350:   0000000309e3a418 00007f91af4d3470
0x0000000309e3a360:   00007fff889bb1f8 000000015229b570
0x0000000309e3a370:   0000000309e3a400 000000015229b5a1
0x0000000309e3a380:   0000000309e3a3d0 00000002023fd5f2
0x0000000309e3a390:   0000000309e3a3c0 0000000202404f05
0x0000000309e3a3a0:   0000000000000000 0000000309e3a418
0x0000000309e3a3b0:   0000000309e3a418 0000000000000000
0x0000000309e3a3c0:   0000000309e3a418 00007f91af4d3470
0x0000000309e3a3d0:   00007fff889bb1f8 000000015229b570
0x0000000309e3a3e0:   0000000309e3a400 0000000000000000
0x0000000309e3a3f0:   00007fff889bb1f8 000000015229b570
0x0000000309e3a400:   0000000309e3a570 0000000202407079 

Instructions: (pc=0x0000000152297575)
0x0000000152297555:   c8 48 83 cb 01 48 89 5d b8 4c 89 65 c0 4c 89 ff
0x0000000152297565:   4c 89 f6 4c 89 e2 e8 a4 32 fd 00 43 c6 04 27 00
0x0000000152297575:   c5 f8 57 c0 c5 f8 29 45 80 48 c7 45 90 00 00 00
0x0000000152297585:   00 bf 30 00 00 00 e8 1e 2f fd 00 48 89 c3 48 89 

Register to memory mapping:

RAX=0x0000000309e3a289 is pointing into the stack for thread: 0x00007f921cff1800
RBX=0x0000000309e3a2f0 is pointing into the stack for thread: 0x00007f921cff1800
RCX=0x0000000309e3a28f is pointing into the stack for thread: 0x00007f921cff1800
RDX=0x0000000000000000 is an unknown value
RSP=0x0000000309e3a210 is pointing into the stack for thread: 0x00007f921cff1800
RBP=0x0000000309e3a2d0 is pointing into the stack for thread: 0x00007f921cff1800
RSI=0x00000001533474d4: base_dist+0x7f4 in /Users/dwaste/.javacpp/cache/com.johnsnowlabs.nlp_tensorflow-cpu_2.12-0.4.4.jar/org/tensorflow/internal/c_api/macosx-x86_64/libtensorflow_framework.2.dylib at 0x0000000152275000
RDI=0x0000000309e3a289 is pointing into the stack for thread: 0x00007f921cff1800
R8 =0x0000000000000073 is an unknown value
R9 =0x00000001533474c3: base_dist+0x7e3 in /Users/dwaste/.javacpp/cache/com.johnsnowlabs.nlp_tensorflow-cpu_2.12-0.4.4.jar/org/tensorflow/internal/c_api/macosx-x86_64/libtensorflow_framework.2.dylib at 0x0000000152275000
R10=0x00007f91af4d3550 is an unknown value
R11=0x00007fff20398fa0: _platform_memmove$VARIANT$Rosetta+0 in /usr/lib/system/libsystem_platform.dylib at 0x00007fff20393000
R12=0x0000000000000006 is an unknown value
R13=0x0000000309e3a288 is pointing into the stack for thread: 0x00007f921cff1800
R14=0x00000001533474ce: base_dist+0x7ee in /Users/dwaste/.javacpp/cache/com.johnsnowlabs.nlp_tensorflow-cpu_2.12-0.4.4.jar/org/tensorflow/internal/c_api/macosx-x86_64/libtensorflow_framework.2.dylib at 0x0000000152275000
R15=0x0000000309e3a289 is pointing into the stack for thread: 0x00007f921cff1800


Stack: [0x0000000309d42000,0x0000000309e42000],  sp=0x0000000309e3a210,  free space=992k
Native frames: (J=compiled Java code, j=interpreted, Vv=VM code, C=native code)
C  [libtensorflow_framework.2.dylib+0x22575]  _ZN10tensorflow10monitoring9MetricDefILNS0_10MetricKindE1ExLi2EEC2IJA11_cA7_cEEEN4absl12lts_2021032411string_viewES9_DpRKT_+0x125
C  [libtensorflow_framework.2.dylib+0x1af9b]  _ZN10tensorflow10monitoring7CounterILi2EE3NewIJRA46_KcRA58_S4_RA11_S4_RA7_S4_EEEPS2_DpOT_+0x5b
C  [libtensorflow_framework.2.dylib+0x265a1]  _GLOBAL__sub_I_loader.cc+0x31
C  0x0000000202407079
C  0x0000000202407478
C  0x0000000202401d1a
C  0x00000002023ffb82
C  0x00000002023ffc22
C  0x00000002023f06a2
C  0x00000002023fb569
C  [libdyld.dylib+0x16fc0]  _ZL15dlopen_internalPKciPv+0xb1
C  [libdyld.dylib+0x586e]  dlopen+0x1c
V  [libjvm.dylib+0x4904ec]
V  [libjvm.dylib+0x3488af]
C  [libjava.dylib+0x173e]  Java_java_lang_ClassLoader_00024NativeLibrary_load+0x75
j  java.lang.ClassLoader$NativeLibrary.load(Ljava/lang/String;ZZ)V+0
j  java.lang.ClassLoader.loadLibrary0(Ljava/lang/Class;Ljava/io/File;)Z+337
j  java.lang.ClassLoader.loadLibrary(Ljava/lang/Class;Ljava/lang/String;Z)V+48
j  java.lang.Runtime.load0(Ljava/lang/Class;Ljava/lang/String;)V+57
j  java.lang.System.load(Ljava/lang/String;)V+7
j  org.bytedeco.javacpp.Loader.loadLibrary(Ljava/lang/Class;[Ljava/net/URL;Ljava/lang/String;[Ljava/lang/String;)Ljava/lang/String;+953
j  org.bytedeco.javacpp.Loader.load(Ljava/lang/Class;Ljava/util/Properties;ZLjava/lang/String;)Ljava/lang/String;+597
j  org.bytedeco.javacpp.Loader.load(Ljava/lang/Class;Ljava/util/Properties;Z)Ljava/lang/String;+4
j  org.bytedeco.javacpp.Loader.load()Ljava/lang/String;+10
j  org.tensorflow.internal.c_api.global.tensorflow.<clinit>()V+0
v  ~StubRoutines::call_stub
V  [libjvm.dylib+0x2d858b]
V  [libjvm.dylib+0x2a0b65]
V  [libjvm.dylib+0x29f8ef]
V  [libjvm.dylib+0x29f46c]
V  [libjvm.dylib+0x33928a]
V  [libjvm.dylib+0x3394b3]
C  [libjava.dylib+0x110f]  Java_java_lang_Class_forName0+0x12a
J 3367  java.lang.Class.forName0(Ljava/lang/String;ZLjava/lang/ClassLoader;Ljava/lang/Class;)Ljava/lang/Class; (0 bytes) @ 0x0000000110e34334 [0x0000000110e34240+0xf4]
J 3917 C1 java.lang.Class.forName(Ljava/lang/String;ZLjava/lang/ClassLoader;)Ljava/lang/Class; (53 bytes) @ 0x0000000110b1ae3c [0x0000000110b1a960+0x4dc]
j  org.bytedeco.javacpp.Loader.load(Ljava/lang/Class;Ljava/util/Properties;ZLjava/lang/String;)Ljava/lang/String;+286
j  org.bytedeco.javacpp.Loader.load(Ljava/lang/Class;Ljava/util/Properties;Z)Ljava/lang/String;+4
j  org.bytedeco.javacpp.Loader.load(Ljava/lang/Class;)Ljava/lang/String;+7
j  org.tensorflow.NativeLibrary.load()V+2
j  org.tensorflow.TensorFlow.<clinit>()V+0
v  ~StubRoutines::call_stub
V  [libjvm.dylib+0x2d858b]
V  [libjvm.dylib+0x2a0b65]
V  [libjvm.dylib+0x29f8ef]
V  [libjvm.dylib+0x29f46c]
V  [libjvm.dylib+0x33928a]
V  [libjvm.dylib+0x3394b3]
C  [libjava.dylib+0x110f]  Java_java_lang_Class_forName0+0x12a
J 3367  java.lang.Class.forName0(Ljava/lang/String;ZLjava/lang/ClassLoader;Ljava/lang/Class;)Ljava/lang/Class; (0 bytes) @ 0x0000000110e34334 [0x0000000110e34240+0xf4]
J 7613 C1 java.lang.Class.forName(Ljava/lang/String;)Ljava/lang/Class; (15 bytes) @ 0x00000001118f7e6c [0x00000001118f7ce0+0x18c]
j  org.tensorflow.Graph.<clinit>()V+19
v  ~StubRoutines::call_stub
V  [libjvm.dylib+0x2d858b]
V  [libjvm.dylib+0x2a0b65]
V  [libjvm.dylib+0x29f8ef]
V  [libjvm.dylib+0x29f46c]
V  [libjvm.dylib+0x2cfc0c]
j  com.johnsnowlabs.ml.tensorflow.TensorflowWrapper$.readGraph(Ljava/lang/String;)Lorg/tensorflow/Graph;+12
j  com.johnsnowlabs.ml.tensorflow.TensorflowWrapper$.unpackWithoutBundle(Ljava/lang/String;)Lscala/Tuple4;+19
j  com.johnsnowlabs.ml.tensorflow.TensorflowWrapper$.read(Ljava/lang/String;ZZ[Ljava/lang/String;ZLscala/Option;)Lscala/Tuple2;+329
j  com.johnsnowlabs.ml.tensorflow.ReadTensorflowModel.readTensorflowModel(Ljava/lang/String;Lorg/apache/spark/sql/SparkSession;Ljava/lang/String;ZZ[Ljava/lang/String;ZLscala/Option;)Lcom/johnsnowlabs/ml/tensorflow/TensorflowWrapper;+197
j  com.johnsnowlabs.ml.tensorflow.ReadTensorflowModel.readTensorflowModel$(Lcom/johnsnowlabs/ml/tensorflow/ReadTensorflowModel;Ljava/lang/String;Lorg/apache/spark/sql/SparkSession;Ljava/lang/String;ZZ[Ljava/lang/String;ZLscala/Option;)Lcom/johnsnowlabs/ml/tensorflow/TensorflowWrapper;+14
j  com.johnsnowlabs.nlp.annotators.sentence_detector_dl.SentenceDetectorDLModel$.readTensorflowModel(Ljava/lang/String;Lorg/apache/spark/sql/SparkSession;Ljava/lang/String;ZZ[Ljava/lang/String;ZLscala/Option;)Lcom/johnsnowlabs/ml/tensorflow/TensorflowWrapper;+14
j  com.johnsnowlabs.nlp.annotators.sentence_detector_dl.ReadsSentenceDetectorDLGraph.readSentenceDetectorDLGraph(Lcom/johnsnowlabs/nlp/annotators/sentence_detector_dl/SentenceDetectorDLModel;Ljava/lang/String;Lorg/apache/spark/sql/SparkSession;)V+35
j  com.johnsnowlabs.nlp.annotators.sentence_detector_dl.ReadsSentenceDetectorDLGraph.readSentenceDetectorDLGraph$(Lcom/johnsnowlabs/nlp/annotators/sentence_detector_dl/ReadsSentenceDetectorDLGraph;Lcom/johnsnowlabs/nlp/annotators/sentence_detector_dl/SentenceDetectorDLModel;Ljava/lang/String;Lorg/apache/spark/sql/SparkSession;)V+4
j  com.johnsnowlabs.nlp.annotators.sentence_detector_dl.SentenceDetectorDLModel$.readSentenceDetectorDLGraph(Lcom/johnsnowlabs/nlp/annotators/sentence_detector_dl/SentenceDetectorDLModel;Ljava/lang/String;Lorg/apache/spark/sql/SparkSession;)V+4
j  com.johnsnowlabs.nlp.annotators.sentence_detector_dl.ReadsSentenceDetectorDLGraph.$anonfun$$init$$1(Lcom/johnsnowlabs/nlp/annotators/sentence_detector_dl/ReadsSentenceDetectorDLGraph;Lcom/johnsnowlabs/nlp/annotators/sentence_detector_dl/SentenceDetectorDLModel;Ljava/lang/String;Lorg/apache/spark/sql/SparkSession;)V+4
j  com.johnsnowlabs.nlp.annotators.sentence_detector_dl.ReadsSentenceDetectorDLGraph.$anonfun$$init$$1$adapted(Lcom/johnsnowlabs/nlp/annotators/sentence_detector_dl/ReadsSentenceDetectorDLGraph;Lcom/johnsnowlabs/nlp/annotators/sentence_detector_dl/SentenceDetectorDLModel;Ljava/lang/String;Lorg/apache/spark/sql/SparkSession;)Ljava/lang/Object;+4
j  com.johnsnowlabs.nlp.annotators.sentence_detector_dl.ReadsSentenceDetectorDLGraph$$Lambda$814.apply(Ljava/lang/Object;Ljava/lang/Object;Ljava/lang/Object;)Ljava/lang/Object;+16
j  com.johnsnowlabs.nlp.ParamsAndFeaturesReadable.$anonfun$onRead$1(Lcom/johnsnowlabs/nlp/HasFeatures;Ljava/lang/String;Lorg/apache/spark/sql/SparkSession;Lscala/Function3;)V+4
j  com.johnsnowlabs.nlp.ParamsAndFeaturesReadable.$anonfun$onRead$1$adapted(Lcom/johnsnowlabs/nlp/HasFeatures;Ljava/lang/String;Lorg/apache/spark/sql/SparkSession;Lscala/Function3;)Ljava/lang/Object;+4
j  com.johnsnowlabs.nlp.ParamsAndFeaturesReadable$$Lambda$1837.apply(Ljava/lang/Object;)Ljava/lang/Object;+16
J 7332 C2 scala.collection.mutable.ArrayBuffer.foreach(Lscala/Function1;)V (6 bytes) @ 0x0000000110be0228 [0x0000000110be01a0+0x88]
j  com.johnsnowlabs.nlp.ParamsAndFeaturesReadable.onRead(Lcom/johnsnowlabs/nlp/HasFeatures;Ljava/lang/String;Lorg/apache/spark/sql/SparkSession;)V+14
j  com.johnsnowlabs.nlp.ParamsAndFeaturesReadable.$anonfun$read$1(Lcom/johnsnowlabs/nlp/ParamsAndFeaturesReadable;Lcom/johnsnowlabs/nlp/HasFeatures;Ljava/lang/String;Lorg/apache/spark/sql/SparkSession;)V+4
j  com.johnsnowlabs.nlp.ParamsAndFeaturesReadable.$anonfun$read$1$adapted(Lcom/johnsnowlabs/nlp/ParamsAndFeaturesReadable;Lcom/johnsnowlabs/nlp/HasFeatures;Ljava/lang/String;Lorg/apache/spark/sql/SparkSession;)Ljava/lang/Object;+4
j  com.johnsnowlabs.nlp.ParamsAndFeaturesReadable$$Lambda$1247.apply(Ljava/lang/Object;Ljava/lang/Object;Ljava/lang/Object;)Ljava/lang/Object;+16
j  com.johnsnowlabs.nlp.FeaturesReader.load(Ljava/lang/String;)Lcom/johnsnowlabs/nlp/HasFeatures;+38
j  com.johnsnowlabs.nlp.FeaturesReader.load(Ljava/lang/String;)Ljava/lang/Object;+2
j  com.johnsnowlabs.nlp.pretrained.ResourceDownloader$.downloadModel(Lorg/apache/spark/ml/util/DefaultParamsReadable;Lcom/johnsnowlabs/nlp/pretrained/ResourceRequest;)Lorg/apache/spark/ml/PipelineStage;+26
j  com.johnsnowlabs.nlp.pretrained.ResourceDownloader$.downloadModel(Lorg/apache/spark/ml/util/DefaultParamsReadable;Ljava/lang/String;Lscala/Option;Ljava/lang/String;)Lorg/apache/spark/ml/PipelineStage;+25
j  com.johnsnowlabs.nlp.pretrained.PythonResourceDownloader$.downloadModel(Ljava/lang/String;Ljava/lang/String;Ljava/lang/String;Ljava/lang/String;)Lorg/apache/spark/ml/PipelineStage;+83
j  com.johnsnowlabs.nlp.pretrained.PythonResourceDownloader.downloadModel(Ljava/lang/String;Ljava/lang/String;Ljava/lang/String;Ljava/lang/String;)Lorg/apache/spark/ml/PipelineStage;+7
v  ~StubRoutines::call_stub
V  [libjvm.dylib+0x2d858b]
V  [libjvm.dylib+0x4da110]
V  [libjvm.dylib+0x4daca8]
V  [libjvm.dylib+0x348f48]
J 4982  sun.reflect.NativeMethodAccessorImpl.invoke0(Ljava/lang/reflect/Method;Ljava/lang/Object;[Ljava/lang/Object;)Ljava/lang/Object; (0 bytes) @ 0x00000001114002ed [0x0000000111400200+0xed]
J 4981 C1 sun.reflect.NativeMethodAccessorImpl.invoke(Ljava/lang/Object;[Ljava/lang/Object;)Ljava/lang/Object; (104 bytes) @ 0x000000011140acb4 [0x0000000111409b00+0x11b4]
J 4704 C1 sun.reflect.DelegatingMethodAccessorImpl.invoke(Ljava/lang/Object;[Ljava/lang/Object;)Ljava/lang/Object; (10 bytes) @ 0x00000001113577cc [0x00000001113576c0+0x10c]
J 4703 C1 java.lang.reflect.Method.invoke(Ljava/lang/Object;[Ljava/lang/Object;)Ljava/lang/Object; (62 bytes) @ 0x000000011135c454 [0x000000011135c080+0x3d4]
j  py4j.reflection.MethodInvoker.invoke(Ljava/lang/Object;[Ljava/lang/Object;)Ljava/lang/Object;+91
J 9376 C1 py4j.Gateway.invoke(Ljava/lang/String;Ljava/lang/String;Ljava/util/List;)Lpy4j/ReturnObject; (210 bytes) @ 0x0000000111834bf4 [0x00000001118335c0+0x1634]
j  py4j.commands.AbstractCommand.invokeMethod(Ljava/lang/String;Ljava/lang/String;Ljava/util/List;)Lpy4j/ReturnObject;+10
J 9375 C1 py4j.commands.CallCommand.execute(Ljava/lang/String;Ljava/io/BufferedReader;Ljava/io/BufferedWriter;)V (76 bytes) @ 0x0000000111caa6e4 [0x0000000111caa3e0+0x304]
j  py4j.GatewayConnection.run()V+126
j  java.lang.Thread.run()V+11
v  ~StubRoutines::call_stub
V  [libjvm.dylib+0x2d858b]
...<more frames>...

Java frames: (J=compiled Java code, j=interpreted, Vv=VM code)
j  java.lang.ClassLoader$NativeLibrary.load(Ljava/lang/String;ZZ)V+0
j  java.lang.ClassLoader.loadLibrary0(Ljava/lang/Class;Ljava/io/File;)Z+337
j  java.lang.ClassLoader.loadLibrary(Ljava/lang/Class;Ljava/lang/String;Z)V+48
j  java.lang.Runtime.load0(Ljava/lang/Class;Ljava/lang/String;)V+57
j  java.lang.System.load(Ljava/lang/String;)V+7
j  org.bytedeco.javacpp.Loader.loadLibrary(Ljava/lang/Class;[Ljava/net/URL;Ljava/lang/String;[Ljava/lang/String;)Ljava/lang/String;+953
j  org.bytedeco.javacpp.Loader.load(Ljava/lang/Class;Ljava/util/Properties;ZLjava/lang/String;)Ljava/lang/String;+597
j  org.bytedeco.javacpp.Loader.load(Ljava/lang/Class;Ljava/util/Properties;Z)Ljava/lang/String;+4
j  org.bytedeco.javacpp.Loader.load()Ljava/lang/String;+10
j  org.tensorflow.internal.c_api.global.tensorflow.<clinit>()V+0
v  ~StubRoutines::call_stub
J 3367  java.lang.Class.forName0(Ljava/lang/String;ZLjava/lang/ClassLoader;Ljava/lang/Class;)Ljava/lang/Class; (0 bytes) @ 0x0000000110e342ba [0x0000000110e34240+0x7a]
J 3917 C1 java.lang.Class.forName(Ljava/lang/String;ZLjava/lang/ClassLoader;)Ljava/lang/Class; (53 bytes) @ 0x0000000110b1ae3c [0x0000000110b1a960+0x4dc]
j  org.bytedeco.javacpp.Loader.load(Ljava/lang/Class;Ljava/util/Properties;ZLjava/lang/String;)Ljava/lang/String;+286
j  org.bytedeco.javacpp.Loader.load(Ljava/lang/Class;Ljava/util/Properties;Z)Ljava/lang/String;+4
j  org.bytedeco.javacpp.Loader.load(Ljava/lang/Class;)Ljava/lang/String;+7
j  org.tensorflow.NativeLibrary.load()V+2
j  org.tensorflow.TensorFlow.<clinit>()V+0
v  ~StubRoutines::call_stub
J 3367  java.lang.Class.forName0(Ljava/lang/String;ZLjava/lang/ClassLoader;Ljava/lang/Class;)Ljava/lang/Class; (0 bytes) @ 0x0000000110e342ba [0x0000000110e34240+0x7a]
J 7613 C1 java.lang.Class.forName(Ljava/lang/String;)Ljava/lang/Class; (15 bytes) @ 0x00000001118f7e6c [0x00000001118f7ce0+0x18c]
j  org.tensorflow.Graph.<clinit>()V+19
v  ~StubRoutines::call_stub
j  com.johnsnowlabs.ml.tensorflow.TensorflowWrapper$.readGraph(Ljava/lang/String;)Lorg/tensorflow/Graph;+12
j  com.johnsnowlabs.ml.tensorflow.TensorflowWrapper$.unpackWithoutBundle(Ljava/lang/String;)Lscala/Tuple4;+19
j  com.johnsnowlabs.ml.tensorflow.TensorflowWrapper$.read(Ljava/lang/String;ZZ[Ljava/lang/String;ZLscala/Option;)Lscala/Tuple2;+329
j  com.johnsnowlabs.ml.tensorflow.ReadTensorflowModel.readTensorflowModel(Ljava/lang/String;Lorg/apache/spark/sql/SparkSession;Ljava/lang/String;ZZ[Ljava/lang/String;ZLscala/Option;)Lcom/johnsnowlabs/ml/tensorflow/TensorflowWrapper;+197
j  com.johnsnowlabs.ml.tensorflow.ReadTensorflowModel.readTensorflowModel$(Lcom/johnsnowlabs/ml/tensorflow/ReadTensorflowModel;Ljava/lang/String;Lorg/apache/spark/sql/SparkSession;Ljava/lang/String;ZZ[Ljava/lang/String;ZLscala/Option;)Lcom/johnsnowlabs/ml/tensorflow/TensorflowWrapper;+14
j  com.johnsnowlabs.nlp.annotators.sentence_detector_dl.SentenceDetectorDLModel$.readTensorflowModel(Ljava/lang/String;Lorg/apache/spark/sql/SparkSession;Ljava/lang/String;ZZ[Ljava/lang/String;ZLscala/Option;)Lcom/johnsnowlabs/ml/tensorflow/TensorflowWrapper;+14
j  com.johnsnowlabs.nlp.annotators.sentence_detector_dl.ReadsSentenceDetectorDLGraph.readSentenceDetectorDLGraph(Lcom/johnsnowlabs/nlp/annotators/sentence_detector_dl/SentenceDetectorDLModel;Ljava/lang/String;Lorg/apache/spark/sql/SparkSession;)V+35
j  com.johnsnowlabs.nlp.annotators.sentence_detector_dl.ReadsSentenceDetectorDLGraph.readSentenceDetectorDLGraph$(Lcom/johnsnowlabs/nlp/annotators/sentence_detector_dl/ReadsSentenceDetectorDLGraph;Lcom/johnsnowlabs/nlp/annotators/sentence_detector_dl/SentenceDetectorDLModel;Ljava/lang/String;Lorg/apache/spark/sql/SparkSession;)V+4
j  com.johnsnowlabs.nlp.annotators.sentence_detector_dl.SentenceDetectorDLModel$.readSentenceDetectorDLGraph(Lcom/johnsnowlabs/nlp/annotators/sentence_detector_dl/SentenceDetectorDLModel;Ljava/lang/String;Lorg/apache/spark/sql/SparkSession;)V+4
j  com.johnsnowlabs.nlp.annotators.sentence_detector_dl.ReadsSentenceDetectorDLGraph.$anonfun$$init$$1(Lcom/johnsnowlabs/nlp/annotators/sentence_detector_dl/ReadsSentenceDetectorDLGraph;Lcom/johnsnowlabs/nlp/annotators/sentence_detector_dl/SentenceDetectorDLModel;Ljava/lang/String;Lorg/apache/spark/sql/SparkSession;)V+4
j  com.johnsnowlabs.nlp.annotators.sentence_detector_dl.ReadsSentenceDetectorDLGraph.$anonfun$$init$$1$adapted(Lcom/johnsnowlabs/nlp/annotators/sentence_detector_dl/ReadsSentenceDetectorDLGraph;Lcom/johnsnowlabs/nlp/annotators/sentence_detector_dl/SentenceDetectorDLModel;Ljava/lang/String;Lorg/apache/spark/sql/SparkSession;)Ljava/lang/Object;+4
j  com.johnsnowlabs.nlp.annotators.sentence_detector_dl.ReadsSentenceDetectorDLGraph$$Lambda$814.apply(Ljava/lang/Object;Ljava/lang/Object;Ljava/lang/Object;)Ljava/lang/Object;+16
j  com.johnsnowlabs.nlp.ParamsAndFeaturesReadable.$anonfun$onRead$1(Lcom/johnsnowlabs/nlp/HasFeatures;Ljava/lang/String;Lorg/apache/spark/sql/SparkSession;Lscala/Function3;)V+4
j  com.johnsnowlabs.nlp.ParamsAndFeaturesReadable.$anonfun$onRead$1$adapted(Lcom/johnsnowlabs/nlp/HasFeatures;Ljava/lang/String;Lorg/apache/spark/sql/SparkSession;Lscala/Function3;)Ljava/lang/Object;+4
j  com.johnsnowlabs.nlp.ParamsAndFeaturesReadable$$Lambda$1837.apply(Ljava/lang/Object;)Ljava/lang/Object;+16
J 7332 C2 scala.collection.mutable.ArrayBuffer.foreach(Lscala/Function1;)V (6 bytes) @ 0x0000000110be0228 [0x0000000110be01a0+0x88]
j  com.johnsnowlabs.nlp.ParamsAndFeaturesReadable.onRead(Lcom/johnsnowlabs/nlp/HasFeatures;Ljava/lang/String;Lorg/apache/spark/sql/SparkSession;)V+14
j  com.johnsnowlabs.nlp.ParamsAndFeaturesReadable.$anonfun$read$1(Lcom/johnsnowlabs/nlp/ParamsAndFeaturesReadable;Lcom/johnsnowlabs/nlp/HasFeatures;Ljava/lang/String;Lorg/apache/spark/sql/SparkSession;)V+4
j  com.johnsnowlabs.nlp.ParamsAndFeaturesReadable.$anonfun$read$1$adapted(Lcom/johnsnowlabs/nlp/ParamsAndFeaturesReadable;Lcom/johnsnowlabs/nlp/HasFeatures;Ljava/lang/String;Lorg/apache/spark/sql/SparkSession;)Ljava/lang/Object;+4
j  com.johnsnowlabs.nlp.ParamsAndFeaturesReadable$$Lambda$1247.apply(Ljava/lang/Object;Ljava/lang/Object;Ljava/lang/Object;)Ljava/lang/Object;+16
j  com.johnsnowlabs.nlp.FeaturesReader.load(Ljava/lang/String;)Lcom/johnsnowlabs/nlp/HasFeatures;+38
j  com.johnsnowlabs.nlp.FeaturesReader.load(Ljava/lang/String;)Ljava/lang/Object;+2
j  com.johnsnowlabs.nlp.pretrained.ResourceDownloader$.downloadModel(Lorg/apache/spark/ml/util/DefaultParamsReadable;Lcom/johnsnowlabs/nlp/pretrained/ResourceRequest;)Lorg/apache/spark/ml/PipelineStage;+26
j  com.johnsnowlabs.nlp.pretrained.ResourceDownloader$.downloadModel(Lorg/apache/spark/ml/util/DefaultParamsReadable;Ljava/lang/String;Lscala/Option;Ljava/lang/String;)Lorg/apache/spark/ml/PipelineStage;+25
j  com.johnsnowlabs.nlp.pretrained.PythonResourceDownloader$.downloadModel(Ljava/lang/String;Ljava/lang/String;Ljava/lang/String;Ljava/lang/String;)Lorg/apache/spark/ml/PipelineStage;+83
j  com.johnsnowlabs.nlp.pretrained.PythonResourceDownloader.downloadModel(Ljava/lang/String;Ljava/lang/String;Ljava/lang/String;Ljava/lang/String;)Lorg/apache/spark/ml/PipelineStage;+7
v  ~StubRoutines::call_stub
J 4982  sun.reflect.NativeMethodAccessorImpl.invoke0(Ljava/lang/reflect/Method;Ljava/lang/Object;[Ljava/lang/Object;)Ljava/lang/Object; (0 bytes) @ 0x0000000111400277 [0x0000000111400200+0x77]
J 4981 C1 sun.reflect.NativeMethodAccessorImpl.invoke(Ljava/lang/Object;[Ljava/lang/Object;)Ljava/lang/Object; (104 bytes) @ 0x000000011140acb4 [0x0000000111409b00+0x11b4]
J 4704 C1 sun.reflect.DelegatingMethodAccessorImpl.invoke(Ljava/lang/Object;[Ljava/lang/Object;)Ljava/lang/Object; (10 bytes) @ 0x00000001113577cc [0x00000001113576c0+0x10c]
J 4703 C1 java.lang.reflect.Method.invoke(Ljava/lang/Object;[Ljava/lang/Object;)Ljava/lang/Object; (62 bytes) @ 0x000000011135c454 [0x000000011135c080+0x3d4]
j  py4j.reflection.MethodInvoker.invoke(Ljava/lang/Object;[Ljava/lang/Object;)Ljava/lang/Object;+91
J 9376 C1 py4j.Gateway.invoke(Ljava/lang/String;Ljava/lang/String;Ljava/util/List;)Lpy4j/ReturnObject; (210 bytes) @ 0x0000000111834bf4 [0x00000001118335c0+0x1634]
j  py4j.commands.AbstractCommand.invokeMethod(Ljava/lang/String;Ljava/lang/String;Ljava/util/List;)Lpy4j/ReturnObject;+10
J 9375 C1 py4j.commands.CallCommand.execute(Ljava/lang/String;Ljava/io/BufferedReader;Ljava/io/BufferedWriter;)V (76 bytes) @ 0x0000000111caa6e4 [0x0000000111caa3e0+0x304]
j  py4j.GatewayConnection.run()V+126
j  java.lang.Thread.run()V+11
v  ~StubRoutines::call_stub

---------------  P R O C E S S  ---------------

Java Threads: ( => current thread )
  0x00007f91acdaf800 JavaThread "JavaCPP Deallocator" daemon [_thread_blocked, id=71219, stack(0x000000030d30c000,0x000000030d40c000)]
  0x00007f921ce59800 JavaThread "task-result-getter-1" daemon [_thread_blocked, id=52971, stack(0x000000030caf4000,0x000000030cbf4000)]
  0x00007f921ca88800 JavaThread "task-result-getter-0" daemon [_thread_blocked, id=54027, stack(0x000000030cf00000,0x000000030d000000)]
  0x00007f91acffe000 JavaThread "rpc-server-4-1" daemon [_thread_in_native, id=73067, stack(0x000000030d209000,0x000000030d309000)]
  0x00007f91ac9d8000 JavaThread "files-client-8-1" daemon [_thread_in_native, id=54659, stack(0x000000030d106000,0x000000030d206000)]
  0x00007f91ac36e800 JavaThread "Executor task launch worker for task 1" daemon [_thread_blocked, id=74039, stack(0x000000030d003000,0x000000030d103000)]
  0x00007f921dcc5000 JavaThread "scala-execution-context-global-136" daemon [_thread_blocked, id=75783, stack(0x000000030cdfd000,0x000000030cefd000)]
  0x00007f921ce61000 JavaThread "scala-execution-context-global-135" daemon [_thread_blocked, id=74839, stack(0x000000030ccfa000,0x000000030cdfa000)]
  0x00007f921d8be800 JavaThread "scala-execution-context-global-134" daemon [_thread_blocked, id=53315, stack(0x000000030cbf7000,0x000000030ccf7000)]
  0x00007f91ad54c800 JavaThread "java-sdk-http-connection-reaper" daemon [_thread_blocked, id=51719, stack(0x000000030c9f1000,0x000000030caf1000)]
  0x00007f91ad66f800 JavaThread "spark-listener-group-shared" daemon [_thread_blocked, id=76599, stack(0x000000030c8ee000,0x000000030c9ee000)]
  0x00007f91ec57a000 JavaThread "element-tracking-store-worker" daemon [_thread_blocked, id=77059, stack(0x000000030c7eb000,0x000000030c8eb000)]
  0x00007f91ec634000 JavaThread "spark-listener-group-executorManagement" daemon [_thread_blocked, id=50699, stack(0x000000030c6e8000,0x000000030c7e8000)]
  0x00007f91fc80f000 JavaThread "spark-listener-group-appStatus" daemon [_thread_blocked, id=78083, stack(0x000000030c5e5000,0x000000030c6e5000)]
  0x00007f91ac3f5800 JavaThread "context-cleaner-periodic-gc" daemon [_thread_blocked, id=49963, stack(0x000000030c4e2000,0x000000030c5e2000)]
  0x00007f91ac88d800 JavaThread "Spark Context Cleaner" daemon [_thread_blocked, id=78895, stack(0x000000030c3df000,0x000000030c4df000)]
  0x00007f91ad1fa800 JavaThread "shuffle-boss-6-1" daemon [_thread_in_native, id=49519, stack(0x000000030c2dc000,0x000000030c3dc000)]
  0x00007f91ac980800 JavaThread "executor-heartbeater" daemon [_thread_blocked, id=47875, stack(0x000000030c1d9000,0x000000030c2d9000)]
  0x00007f91ad3f4000 JavaThread "driver-heartbeater" daemon [_thread_blocked, id=47419, stack(0x000000030c0d6000,0x000000030c1d6000)]
  0x00007f91ac890000 JavaThread "dag-scheduler-event-loop" daemon [_thread_blocked, id=79979, stack(0x000000030bfd3000,0x000000030c0d3000)]
  0x00007f91ad3a6000 JavaThread "Timer-1" daemon [_thread_blocked, id=48199, stack(0x000000030bed0000,0x000000030bfd0000)]
  0x00007f91ed4f6800 JavaThread "Timer-0" daemon [_thread_blocked, id=79431, stack(0x000000030bdcd000,0x000000030becd000)]
  0x00007f921d919000 JavaThread "netty-rpc-env-timeout" daemon [_thread_blocked, id=79663, stack(0x000000030bcca000,0x000000030bdca000)]
  0x00007f91ad395800 JavaThread "heartbeat-receiver-event-loop-thread" daemon [_thread_blocked, id=82539, stack(0x000000030bbc7000,0x000000030bcc7000)]
  0x00007f91ac814800 JavaThread "process reaper" daemon [_thread_blocked, id=46907, stack(0x000000030bb9c000,0x000000030bbc4000)]
  0x00007f921d5d8800 JavaThread "SparkUI-45" daemon [_thread_blocked, id=83203, stack(0x000000030ba99000,0x000000030bb99000)]
  0x00007f921d417800 JavaThread "SparkUI-44" daemon [_thread_in_native, id=46083, stack(0x000000030b996000,0x000000030ba96000)]
  0x00007f921c2a6000 JavaThread "SparkUI-43" daemon [_thread_blocked, id=45827, stack(0x000000030b893000,0x000000030b993000)]
  0x00007f921c27e000 JavaThread "SparkUI-42" daemon [_thread_blocked, id=83715, stack(0x000000030b790000,0x000000030b890000)]
  0x00007f921d417000 JavaThread "SparkUI-41-acceptor-0@185c8f05-ServerConnector@169b727e{HTTP/1.1,[http/1.1]}{0.0.0.0:4040}" daemon [_thread_in_native, id=45059, stack(0x000000030b68d000,0x000000030b78d000)]
  0x00007f921d416000 JavaThread "SparkUI-40" daemon [_thread_in_native, id=84227, stack(0x000000030b58a000,0x000000030b68a000)]
  0x00007f921c715800 JavaThread "SparkUI-39" daemon [_thread_in_native, id=44291, stack(0x000000030b487000,0x000000030b587000)]
  0x00007f921d415800 JavaThread "SparkUI-38" daemon [_thread_in_native, id=85051, stack(0x000000030b384000,0x000000030b484000)]
  0x00007f921c200800 JavaThread "refresh progress" daemon [_thread_blocked, id=43811, stack(0x000000030b281000,0x000000030b381000)]
  0x00007f921dbe7000 JavaThread "RemoteBlock-temp-file-clean-thread" daemon [_thread_blocked, id=86079, stack(0x000000030b17e000,0x000000030b27e000)]
  0x00007f91ed464000 JavaThread "dispatcher-BlockManagerEndpoint1" daemon [_thread_blocked, id=86899, stack(0x000000030b07b000,0x000000030b17b000)]
  0x00007f91ad354000 JavaThread "dispatcher-BlockManagerMaster" daemon [_thread_blocked, id=31023, stack(0x000000030af78000,0x000000030b078000)]
  0x00007f921ce5b000 JavaThread "map-output-dispatcher-7" daemon [_thread_blocked, id=30483, stack(0x000000030ae75000,0x000000030af75000)]
  0x00007f91acca5800 JavaThread "map-output-dispatcher-6" daemon [_thread_blocked, id=31491, stack(0x000000030ad72000,0x000000030ae72000)]
  0x00007f921c90e800 JavaThread "map-output-dispatcher-5" daemon [_thread_blocked, id=30211, stack(0x000000030ac6f000,0x000000030ad6f000)]
  0x00007f91acca4800 JavaThread "map-output-dispatcher-4" daemon [_thread_blocked, id=32003, stack(0x000000030ab6c000,0x000000030ac6c000)]
  0x00007f91acc9c000 JavaThread "map-output-dispatcher-3" daemon [_thread_blocked, id=32259, stack(0x000000030aa69000,0x000000030ab69000)]
  0x00007f91acc9b000 JavaThread "map-output-dispatcher-2" daemon [_thread_blocked, id=32771, stack(0x000000030a966000,0x000000030aa66000)]
  0x00007f91acc85800 JavaThread "map-output-dispatcher-1" daemon [_thread_blocked, id=33283, stack(0x000000030a863000,0x000000030a963000)]
  0x00007f91acd82000 JavaThread "map-output-dispatcher-0" daemon [_thread_blocked, id=34127, stack(0x000000030a760000,0x000000030a860000)]
  0x00007f921d7ea800 JavaThread "dispatcher-event-loop-7" daemon [_thread_blocked, id=34563, stack(0x000000030a65d000,0x000000030a75d000)]
  0x00007f921d7e9800 JavaThread "dispatcher-event-loop-6" daemon [_thread_blocked, id=28931, stack(0x000000030a55a000,0x000000030a65a000)]
  0x00007f921d7e9000 JavaThread "dispatcher-event-loop-5" daemon [_thread_blocked, id=35075, stack(0x000000030a457000,0x000000030a557000)]
  0x00007f921d7e8000 JavaThread "dispatcher-event-loop-4" daemon [_thread_blocked, id=28419, stack(0x000000030a354000,0x000000030a454000)]
  0x00007f921d7e7800 JavaThread "dispatcher-event-loop-3" daemon [_thread_blocked, id=27651, stack(0x000000030a251000,0x000000030a351000)]
  0x00007f91ac45b800 JavaThread "dispatcher-event-loop-2" daemon [_thread_blocked, id=27399, stack(0x000000030a14e000,0x000000030a24e000)]
  0x00007f921d760800 JavaThread "dispatcher-event-loop-1" daemon [_thread_blocked, id=26883, stack(0x000000030a04b000,0x000000030a14b000)]
  0x00007f921d760000 JavaThread "dispatcher-event-loop-0" daemon [_thread_blocked, id=36475, stack(0x0000000309f48000,0x000000030a048000)]
  0x00007f921cc3e000 JavaThread "rpc-boss-3-1" daemon [_thread_in_native, id=36695, stack(0x0000000309e45000,0x0000000309f45000)]
=>0x00007f921cff1800 JavaThread "Thread-4" [_thread_in_native, id=26383, stack(0x0000000309d42000,0x0000000309e42000)]
  0x00007f91ac381000 JavaThread "Thread-3" [_thread_in_native, id=37431, stack(0x0000000309c3f000,0x0000000309d3f000)]
  0x00007f91acb67000 JavaThread "pool-1-thread-1" [_thread_blocked, id=37659, stack(0x0000000309b3c000,0x0000000309c3c000)]
  0x00007f921d481800 JavaThread "org.apache.hadoop.fs.FileSystem$Statistics$StatisticsDataReferenceCleaner" daemon [_thread_blocked, id=16291, stack(0x0000000309317000,0x0000000309417000)]
  0x00007f921d86d000 JavaThread "Service Thread" daemon [_thread_blocked, id=40711, stack(0x0000000309936000,0x0000000309a36000)]
  0x00007f921d86a800 JavaThread "C1 CompilerThread3" daemon [_thread_blocked, id=41219, stack(0x0000000309833000,0x0000000309933000)]
  0x00007f921d869800 JavaThread "C2 CompilerThread2" daemon [_thread_blocked, id=22787, stack(0x0000000309730000,0x0000000309830000)]
  0x00007f91fc009000 JavaThread "C2 CompilerThread1" daemon [_thread_blocked, id=41731, stack(0x000000030962d000,0x000000030972d000)]
  0x00007f921d836000 JavaThread "C2 CompilerThread0" daemon [_thread_blocked, id=22019, stack(0x000000030952a000,0x000000030962a000)]
  0x00007f921d835800 JavaThread "Signal Dispatcher" daemon [_thread_blocked, id=42791, stack(0x0000000309427000,0x0000000309527000)]
  0x00007f921c82f800 JavaThread "Finalizer" daemon [_thread_blocked, id=13611, stack(0x000000030918d000,0x000000030928d000)]
  0x00007f921d04c800 JavaThread "Reference Handler" daemon [_thread_blocked, id=17955, stack(0x000000030908a000,0x000000030918a000)]
  0x00007f921c809000 JavaThread "main" [_thread_in_native, id=9987, stack(0x000000030866c000,0x000000030876c000)]

Other Threads:
  0x00007f921d04a000 VMThread [stack: 0x0000000308f87000,0x0000000309087000] [id=18435]
  0x00007f921c036000 WatcherThread [stack: 0x0000000309a39000,0x0000000309b39000] [id=23579]

VM state:not at safepoint (normal execution)

VM Mutex/Monitor currently owned by a thread: None

heap address: 0x00000003c0000000, size: 16384 MB, Compressed Oops mode: Zero based, Oop shift amount: 3
Narrow klass base: 0x0000000000000000, Narrow klass shift: 3
Compressed class space size: 1073741824 Address: 0x00000007c0000000

Heap:
 PSYoungGen      total 877056K, used 706165K [0x000000066ab00000, 0x00000006a2100000, 0x00000007c0000000)
  eden space 858624K, 80% used [0x000000066ab00000,0x00000006951d7f68,0x000000069f180000)
  from space 18432K, 59% used [0x00000006a0380000,0x00000006a0e45568,0x00000006a1580000)
  to   space 18432K, 0% used [0x000000069f180000,0x000000069f180000,0x00000006a0380000)
 ParOldGen       total 122368K, used 27760K [0x00000003c0000000, 0x00000003c7780000, 0x000000066ab00000)
  object space 122368K, 22% used [0x00000003c0000000,0x00000003c1b1c240,0x00000003c7780000)
 Metaspace       used 93273K, capacity 101416K, committed 101528K, reserved 1138688K
  class space    used 12366K, capacity 13144K, committed 13232K, reserved 1048576K

Card table byte_map: [0x000000011f9ab000,0x00000001219ac000] byte_map_base: 0x000000011dbab000

Marking Bits: (ParMarkBitMap*) 0x000000010ef27448
 Begin Bits: [0x0000000122f02000, 0x0000000132f02000)
 End Bits:   [0x0000000132f02000, 0x0000000142f02000)

Polling page: 0x000000010a4a7000

CodeCache: size=245760Kb used=23419Kb max_used=23428Kb free=222340Kb
 bounds [0x00000001105eb000, 0x0000000111d1b000, 0x000000011f5eb000]
 total_blobs=8584 nmethods=7699 adapters=798
 compilation: enabled

Compilation events (10 events):
Event: 70.931 Thread 0x00007f921d86a800 nmethod 9624 0x0000000111d049d0 code [0x0000000111d050e0, 0x0000000111d0a3e8]
Event: 70.931 Thread 0x00007f921d86a800 9623       3       org.bytedeco.javacpp.Loader::findResource (20 bytes)
Event: 70.932 Thread 0x00007f921d86a800 nmethod 9623 0x0000000110c11dd0 code [0x0000000110c11f40, 0x0000000110c12128]
Event: 70.990 Thread 0x00007f91fc009000 9625       4       sun.misc.CompoundEnumeration::next (58 bytes)
Event: 70.991 Thread 0x00007f91fc009000 nmethod 9625 0x0000000110f26850 code [0x0000000110f269a0, 0x0000000110f26af8]
Event: 71.019 Thread 0x00007f921d836000 9626       4       sun.misc.CompoundEnumeration::hasMoreElements (5 bytes)
Event: 71.021 Thread 0x00007f921d869800 9627       4       java.net.URLClassLoader$3::next (73 bytes)
Event: 71.021 Thread 0x00007f921d836000 nmethod 9626 0x0000000110f26410 code [0x0000000110f26560, 0x0000000110f266b8]
Event: 71.023 Thread 0x00007f921d869800 nmethod 9627 0x0000000110f244d0 code [0x0000000110f24660, 0x0000000110f248b8]
Event: 72.178 Thread 0x00007f921d86a800 9628       3       scala.collection.convert.Wrappers$JIteratorWrapper::<init> (25 bytes)

GC Heap History (10 events):
Event: 40.368 GC heap before
{Heap before GC invocations=16 (full 3):
 PSYoungGen      total 521728K, used 521710K [0x000000066ab00000, 0x000000068db80000, 0x00000007c0000000)
  eden space 506880K, 100% used [0x000000066ab00000,0x0000000689a00000,0x0000000689a00000)
  from space 14848K, 99% used [0x000000068ae00000,0x000000068bc7b8c0,0x000000068bc80000)
  to   space 20480K, 0% used [0x0000000689a00000,0x0000000689a00000,0x000000068ae00000)
 ParOldGen       total 95232K, used 32695K [0x00000003c0000000, 0x00000003c5d00000, 0x000000066ab00000)
  object space 95232K, 34% used [0x00000003c0000000,0x00000003c1fede38,0x00000003c5d00000)
 Metaspace       used 77674K, capacity 82230K, committed 82328K, reserved 1122304K
  class space    used 9980K, capacity 10390K, committed 10416K, reserved 1048576K
Event: 40.448 GC heap after
Heap after GC invocations=16 (full 3):
 PSYoungGen      total 527360K, used 10057K [0x000000066ab00000, 0x0000000697100000, 0x00000007c0000000)
  eden space 506880K, 0% used [0x000000066ab00000,0x000000066ab00000,0x0000000689a00000)
  from space 20480K, 49% used [0x0000000689a00000,0x000000068a3d25f0,0x000000068ae00000)
  to   space 19456K, 0% used [0x0000000695e00000,0x0000000695e00000,0x0000000697100000)
 ParOldGen       total 95232K, used 39125K [0x00000003c0000000, 0x00000003c5d00000, 0x000000066ab00000)
  object space 95232K, 41% used [0x00000003c0000000,0x00000003c2635670,0x00000003c5d00000)
 Metaspace       used 77674K, capacity 82230K, committed 82328K, reserved 1122304K
  class space    used 9980K, capacity 10390K, committed 10416K, reserved 1048576K
}
Event: 47.780 GC heap before
{Heap before GC invocations=17 (full 3):
 PSYoungGen      total 527360K, used 516937K [0x000000066ab00000, 0x0000000697100000, 0x00000007c0000000)
  eden space 506880K, 100% used [0x000000066ab00000,0x0000000689a00000,0x0000000689a00000)
  from space 20480K, 49% used [0x0000000689a00000,0x000000068a3d25f0,0x000000068ae00000)
  to   space 19456K, 0% used [0x0000000695e00000,0x0000000695e00000,0x0000000697100000)
 ParOldGen       total 95232K, used 39125K [0x00000003c0000000, 0x00000003c5d00000, 0x000000066ab00000)
  object space 95232K, 41% used [0x00000003c0000000,0x00000003c2635670,0x00000003c5d00000)
 Metaspace       used 87823K, capacity 93918K, committed 94104K, reserved 1130496K
  class space    used 11576K, capacity 12108K, committed 12208K, reserved 1048576K
Event: 47.790 GC heap after
Heap after GC invocations=17 (full 3):
 PSYoungGen      total 678912K, used 9688K [0x000000066ab00000, 0x0000000696780000, 0x00000007c0000000)
  eden space 669184K, 0% used [0x000000066ab00000,0x000000066ab00000,0x0000000693880000)
  from space 9728K, 99% used [0x0000000695e00000,0x00000006967760c0,0x0000000696780000)
  to   space 18432K, 0% used [0x0000000694380000,0x0000000694380000,0x0000000695580000)
 ParOldGen       total 95232K, used 39453K [0x00000003c0000000, 0x00000003c5d00000, 0x000000066ab00000)
  object space 95232K, 41% used [0x00000003c0000000,0x00000003c2687698,0x00000003c5d00000)
 Metaspace       used 87823K, capacity 93918K, committed 94104K, reserved 1130496K
  class space    used 11576K, capacity 12108K, committed 12208K, reserved 1048576K
}
Event: 53.414 GC heap before
{Heap before GC invocations=18 (full 3):
 PSYoungGen      total 678912K, used 261589K [0x000000066ab00000, 0x0000000696780000, 0x00000007c0000000)
  eden space 669184K, 37% used [0x000000066ab00000,0x000000067a0ff720,0x0000000693880000)
  from space 9728K, 99% used [0x0000000695e00000,0x00000006967760c0,0x0000000696780000)
  to   space 18432K, 0% used [0x0000000694380000,0x0000000694380000,0x0000000695580000)
 ParOldGen       total 95232K, used 39453K [0x00000003c0000000, 0x00000003c5d00000, 0x000000066ab00000)
  object space 95232K, 41% used [0x00000003c0000000,0x00000003c2687698,0x00000003c5d00000)
 Metaspace       used 90834K, capacity 98594K, committed 98600K, reserved 1134592K
  class space    used 12073K, capacity 12843K, committed 12848K, reserved 1048576K
Event: 53.422 GC heap after
Heap after GC invocations=18 (full 3):
 PSYoungGen      total 698880K, used 4273K [0x000000066ab00000, 0x00000006a1580000, 0x00000007c0000000)
  eden space 680448K, 0% used [0x000000066ab00000,0x000000066ab00000,0x0000000694380000)
  from space 18432K, 23% used [0x0000000694380000,0x00000006947ac5f8,0x0000000695580000)
  to   space 18432K, 0% used [0x00000006a0380000,0x00000006a0380000,0x00000006a1580000)
 ParOldGen       total 95232K, used 42215K [0x00000003c0000000, 0x00000003c5d00000, 0x000000066ab00000)
  object space 95232K, 44% used [0x00000003c0000000,0x00000003c2939c38,0x00000003c5d00000)
 Metaspace       used 90834K, capacity 98594K, committed 98600K, reserved 1134592K
  class space    used 12073K, capacity 12843K, committed 12848K, reserved 1048576K
}
Event: 53.422 GC heap before
{Heap before GC invocations=19 (full 4):
 PSYoungGen      total 698880K, used 4273K [0x000000066ab00000, 0x00000006a1580000, 0x00000007c0000000)
  eden space 680448K, 0% used [0x000000066ab00000,0x000000066ab00000,0x0000000694380000)
  from space 18432K, 23% used [0x0000000694380000,0x00000006947ac5f8,0x0000000695580000)
  to   space 18432K, 0% used [0x00000006a0380000,0x00000006a0380000,0x00000006a1580000)
 ParOldGen       total 95232K, used 42215K [0x00000003c0000000, 0x00000003c5d00000, 0x000000066ab00000)
  object space 95232K, 44% used [0x00000003c0000000,0x00000003c2939c38,0x00000003c5d00000)
 Metaspace       used 90834K, capacity 98594K, committed 98600K, reserved 1134592K
  class space    used 12073K, capacity 12843K, committed 12848K, reserved 1048576K
Event: 53.546 GC heap after
Heap after GC invocations=19 (full 4):
 PSYoungGen      total 698880K, used 0K [0x000000066ab00000, 0x00000006a1580000, 0x00000007c0000000)
  eden space 680448K, 0% used [0x000000066ab00000,0x000000066ab00000,0x0000000694380000)
  from space 18432K, 0% used [0x0000000694380000,0x0000000694380000,0x0000000695580000)
  to   space 18432K, 0% used [0x00000006a0380000,0x00000006a0380000,0x00000006a1580000)
 ParOldGen       total 122368K, used 27760K [0x00000003c0000000, 0x00000003c7780000, 0x000000066ab00000)
  object space 122368K, 22% used [0x00000003c0000000,0x00000003c1b1c240,0x00000003c7780000)
 Metaspace       used 90834K, capacity 98594K, committed 98600K, reserved 1134592K
  class space    used 12073K, capacity 12843K, committed 12848K, reserved 1048576K
}
Event: 68.339 GC heap before
{Heap before GC invocations=20 (full 4):
 PSYoungGen      total 698880K, used 680448K [0x000000066ab00000, 0x00000006a1580000, 0x00000007c0000000)
  eden space 680448K, 100% used [0x000000066ab00000,0x0000000694380000,0x0000000694380000)
  from space 18432K, 0% used [0x0000000694380000,0x0000000694380000,0x0000000695580000)
  to   space 18432K, 0% used [0x00000006a0380000,0x00000006a0380000,0x00000006a1580000)
 ParOldGen       total 122368K, used 27760K [0x00000003c0000000, 0x00000003c7780000, 0x000000066ab00000)
  object space 122368K, 22% used [0x00000003c0000000,0x00000003c1b1c240,0x00000003c7780000)
 Metaspace       used 92205K, capacity 100382K, committed 100760K, reserved 1136640K
  class space    used 12296K, capacity 13105K, committed 13232K, reserved 1048576K
Event: 68.378 GC heap after
Heap after GC invocations=20 (full 4):
 PSYoungGen      total 877056K, used 11029K [0x000000066ab00000, 0x00000006a2100000, 0x00000007c0000000)
  eden space 858624K, 0% used [0x000000066ab00000,0x000000066ab00000,0x000000069f180000)
  from space 18432K, 59% used [0x00000006a0380000,0x00000006a0e45568,0x00000006a1580000)
  to   space 18432K, 0% used [0x000000069f180000,0x000000069f180000,0x00000006a0380000)
 ParOldGen       total 122368K, used 27760K [0x00000003c0000000, 0x00000003c7780000, 0x000000066ab00000)
  object space 122368K, 22% used [0x00000003c0000000,0x00000003c1b1c240,0x00000003c7780000)
 Metaspace       used 92205K, capacity 100382K, committed 100760K, reserved 1136640K
  class space    used 12296K, capacity 13105K, committed 13232K, reserved 1048576K
}

Deoptimization events (10 events):
Event: 70.601 Thread 0x00007f921cff1800 Uncommon trap: reason=unstable_if action=reinterpret pc=0x0000000111ba6d70 method=java.io.BufferedOutputStream.write([BII)V @ 35
Event: 70.603 Thread 0x00007f921cff1800 Uncommon trap: reason=unstable_if action=reinterpret pc=0x0000000111ba85a4 method=java.io.BufferedOutputStream.write([BII)V @ 35
Event: 70.616 Thread 0x00007f921cff1800 Uncommon trap: reason=class_check action=maybe_recompile pc=0x0000000111b29e18 method=scala.runtime.ScalaRunTime$.array_update(Ljava/lang/Object;ILjava/lang/Object;)V @ 16
Event: 70.616 Thread 0x00007f921cff1800 Uncommon trap: reason=class_check action=maybe_recompile pc=0x0000000111b29e18 method=scala.runtime.ScalaRunTime$.array_update(Ljava/lang/Object;ILjava/lang/Object;)V @ 16
Event: 70.617 Thread 0x00007f921cff1800 Uncommon trap: reason=class_check action=maybe_recompile pc=0x0000000111b29e18 method=scala.runtime.ScalaRunTime$.array_update(Ljava/lang/Object;ILjava/lang/Object;)V @ 16
Event: 70.617 Thread 0x00007f921cff1800 Uncommon trap: reason=class_check action=maybe_recompile pc=0x0000000111b29e18 method=scala.runtime.ScalaRunTime$.array_update(Ljava/lang/Object;ILjava/lang/Object;)V @ 16
Event: 70.665 Thread 0x00007f921cff1800 Uncommon trap: reason=unstable_if action=reinterpret pc=0x0000000110ad8f9c method=java.util.Properties.loadConvert([CII[C)Ljava/lang/String; @ 72
Event: 70.698 Thread 0x00007f921cff1800 Uncommon trap: reason=unstable_if action=reinterpret pc=0x0000000111666b80 method=java.net.URLStreamHandler.sameFile(Ljava/net/URL;Ljava/net/URL;)Z @ 63
Event: 70.700 Thread 0x00007f921cff1800 Uncommon trap: reason=unstable_if action=reinterpret pc=0x0000000111b65d7c method=java.net.URI$Parser.parse(Z)V @ 110
Event: 70.741 Thread 0x00007f921cff1800 Uncommon trap: reason=unstable_if action=reinterpret pc=0x000000011085711c method=java.lang.String.lastIndexOf([CII[CIII)I @ 118

Classes redefined (0 events):
No events

Internal exceptions (10 events):
Event: 67.301 Thread 0x00007f921cff1800 Exception <a 'java/security/PrivilegedActionException'> (0x00000006855e4a48) thrown at [/System/Volumes/Data/jenkins/workspace/8-2-build-macosx-x64/jdk8u361/3183/hotspot/src/share/vm/prims/jvm.cpp, line 1513]
Event: 67.301 Thread 0x00007f921cff1800 Exception <a 'java/security/PrivilegedActionException'> (0x00000006855e4c58) thrown at [/System/Volumes/Data/jenkins/workspace/8-2-build-macosx-x64/jdk8u361/3183/hotspot/src/share/vm/prims/jvm.cpp, line 1513]
Event: 67.301 Thread 0x00007f921cff1800 Exception <a 'java/security/PrivilegedActionException'> (0x00000006855e5d90) thrown at [/System/Volumes/Data/jenkins/workspace/8-2-build-macosx-x64/jdk8u361/3183/hotspot/src/share/vm/prims/jvm.cpp, line 1513]
Event: 67.301 Thread 0x00007f921cff1800 Exception <a 'java/security/PrivilegedActionException'> (0x00000006855e5fa0) thrown at [/System/Volumes/Data/jenkins/workspace/8-2-build-macosx-x64/jdk8u361/3183/hotspot/src/share/vm/prims/jvm.cpp, line 1513]
Event: 67.301 Thread 0x00007f921cff1800 Exception <a 'java/security/PrivilegedActionException'> (0x00000006855e70e0) thrown at [/System/Volumes/Data/jenkins/workspace/8-2-build-macosx-x64/jdk8u361/3183/hotspot/src/share/vm/prims/jvm.cpp, line 1513]
Event: 67.301 Thread 0x00007f921cff1800 Exception <a 'java/security/PrivilegedActionException'> (0x00000006855e72f0) thrown at [/System/Volumes/Data/jenkins/workspace/8-2-build-macosx-x64/jdk8u361/3183/hotspot/src/share/vm/prims/jvm.cpp, line 1513]
Event: 67.301 Thread 0x00007f921cff1800 Exception <a 'java/security/PrivilegedActionException'> (0x00000006855e8728) thrown at [/System/Volumes/Data/jenkins/workspace/8-2-build-macosx-x64/jdk8u361/3183/hotspot/src/share/vm/prims/jvm.cpp, line 1513]
Event: 67.301 Thread 0x00007f921cff1800 Exception <a 'java/security/PrivilegedActionException'> (0x00000006855e8938) thrown at [/System/Volumes/Data/jenkins/workspace/8-2-build-macosx-x64/jdk8u361/3183/hotspot/src/share/vm/prims/jvm.cpp, line 1513]
Event: 67.937 Thread 0x00007f921dcc5000 Implicit null exception at 0x00000001107b6530 to 0x00000001107b75a1
Event: 70.484 Thread 0x00007f921cff1800 Implicit null exception at 0x0000000111b4ddfc to 0x0000000111b4f541

Events (10 events):
Event: 70.740 loading class sun/nio/fs/DynamicFileAttributeView done
Event: 70.740 loading class sun/nio/fs/AbstractBasicFileAttributeView done
Event: 70.740 loading class sun/nio/fs/UnixFileAttributeViews$Basic done
Event: 70.740 loading class sun/nio/fs/UnixFileAttributes$UnixAsBasicFileAttributes
Event: 70.741 loading class sun/nio/fs/UnixFileAttributes$UnixAsBasicFileAttributes done
Event: 70.741 Thread 0x00007f921cff1800 Uncommon trap: trap_request=0xffffff65 fr.pc=0x000000011085711c
Event: 70.741 Thread 0x00007f921cff1800 DEOPT PACKING pc=0x000000011085711c sp=0x0000000309e3dcb0
Event: 70.741 Thread 0x00007f921cff1800 DEOPT UNPACKING pc=0x00000001106307ba sp=0x0000000309e3dc28 mode 2
Event: 70.742 loading class org/bytedeco/javacpp/annotation/NoException
Event: 70.742 loading class org/bytedeco/javacpp/annotation/NoException done


Dynamic libraries:
0x00007ffdffd10000 	/Library/Apple/usr/libexec/oah/runtime
0x00007fff35293000 	/System/Library/Frameworks/Cocoa.framework/Versions/A/Cocoa
0x00007fff22138000 	/System/Library/Frameworks/Security.framework/Versions/A/Security
0x00007fff33490000 	/System/Library/Frameworks/ApplicationServices.framework/Versions/A/ApplicationServices
0x00007fff2a5e1000 	/usr/lib/libz.1.dylib
0x00007fff2a6ad000 	/usr/lib/libSystem.B.dylib
0x00007fff203c9000 	/System/Library/Frameworks/CoreFoundation.framework/Versions/A/CoreFoundation
0x00007fff210ab000 	/System/Library/Frameworks/Foundation.framework/Versions/C/Foundation
0x00007fff201e8000 	/usr/lib/libobjc.A.dylib
0x00007fff22b5f000 	/System/Library/Frameworks/AppKit.framework/Versions/C/AppKit
0x00007fff25a1d000 	/System/Library/Frameworks/CoreData.framework/Versions/A/CoreData
0x00007fff238c2000 	/System/Library/PrivateFrameworks/UIFoundation.framework/Versions/A/UIFoundation
0x00007fff2fe6f000 	/System/Library/PrivateFrameworks/RemoteViewServices.framework/Versions/A/RemoteViewServices
0x00007fff28bf9000 	/System/Library/PrivateFrameworks/XCTTargetBootstrap.framework/Versions/A/XCTTargetBootstrap
0x00007fff2b94b000 	/usr/lib/libspindump.dylib
0x00007fff23b17000 	/System/Library/Frameworks/UniformTypeIdentifiers.framework/Versions/A/UniformTypeIdentifiers
0x00007fff273cf000 	/usr/lib/libapp_launch_measurement.dylib
0x00007fff273d2000 	/System/Library/PrivateFrameworks/CoreAutoLayout.framework/Versions/A/CoreAutoLayout
0x00007fff2855b000 	/System/Library/Frameworks/Metal.framework/Versions/A/Metal
0x00007fff29252000 	/usr/lib/liblangid.dylib
0x00007fff28bfd000 	/System/Library/PrivateFrameworks/CoreSVG.framework/Versions/A/CoreSVG
0x00007fff24afe000 	/System/Library/PrivateFrameworks/SkyLight.framework/Versions/A/SkyLight
0x00007fff24e65000 	/System/Library/Frameworks/CoreGraphics.framework/Versions/A/CoreGraphics
0x00007fff304c6000 	/System/Library/Frameworks/Accelerate.framework/Versions/A/Accelerate
0x00007fff2b386000 	/System/Library/PrivateFrameworks/IconServices.framework/Versions/A/IconServices
0x00007fff28540000 	/System/Library/Frameworks/IOSurface.framework/Versions/A/IOSurface
0x00007fff263af000 	/usr/lib/libDiagnosticMessagesClient.dylib
0x00007fff28be5000 	/System/Library/PrivateFrameworks/DFRFoundation.framework/Versions/A/DFRFoundation
0x00007fff2248a000 	/usr/lib/libicucore.A.dylib
0x00007fff2ce90000 	/System/Library/Frameworks/AudioToolbox.framework/Versions/A/AudioToolbox
0x00007fff2c135000 	/System/Library/PrivateFrameworks/DataDetectorsCore.framework/Versions/A/DataDetectorsCore
0x00007fff288e5000 	/System/Library/Frameworks/Carbon.framework/Versions/A/Frameworks/HIToolbox.framework/Versions/A/HIToolbox
0x00007fff26e2a000 	/System/Library/Frameworks/QuartzCore.framework/Versions/A/QuartzCore
0x00007fff2feab000 	/System/Library/Frameworks/Carbon.framework/Versions/A/Frameworks/SpeechRecognition.framework/Versions/A/SpeechRecognition
0x00007fff27137000 	/System/Library/PrivateFrameworks/CoreUI.framework/Versions/A/CoreUI
0x00007fff21a93000 	/System/Library/Frameworks/CoreAudio.framework/Versions/A/CoreAudio
0x00007fff2649a000 	/System/Library/Frameworks/DiskArbitration.framework/Versions/A/DiskArbitration
0x00007fff2bd45000 	/System/Library/PrivateFrameworks/MultitouchSupport.framework/Versions/A/MultitouchSupport
0x00007fff2c12c000 	/System/Library/PrivateFrameworks/InternationalSupport.framework/Versions/A/InternationalSupport
0x00007fff24a72000 	/usr/lib/libenergytrace.dylib
0x00007fff22a58000 	/System/Library/Frameworks/IOKit.framework/Versions/A/IOKit
0x00007fff301f8000 	/System/Library/Frameworks/CoreServices.framework/Versions/A/CoreServices
0x00007fff27365000 	/System/Library/PrivateFrameworks/PerformanceAnalysis.framework/Versions/A/PerformanceAnalysis
0x00007fff6cb6d000 	/System/Library/Frameworks/OpenGL.framework/Versions/A/OpenGL
0x00007fff2c1b1000 	/System/Library/PrivateFrameworks/UserActivity.framework/Versions/A/UserActivity
0x00007fff2551f000 	/System/Library/Frameworks/ColorSync.framework/Versions/A/ColorSync
0x00007fff28e69000 	/System/Library/Frameworks/CoreImage.framework/Versions/A/CoreImage
0x00007fff218aa000 	/System/Library/Frameworks/CoreText.framework/Versions/A/CoreText
0x00007fff28c27000 	/System/Library/Frameworks/ImageIO.framework/Versions/A/ImageIO
0x00007fff2a6b3000 	/System/Library/PrivateFrameworks/SoftLinking.framework/Versions/A/SoftLinking
0x00007fff2741b000 	/usr/lib/libxml2.2.dylib
0x00007fff202ae000 	/usr/lib/libc++.1.dylib
0x00007fff2a925000 	/usr/lib/libcompression.dylib
0x00007fff24a73000 	/usr/lib/libMobileGestalt.dylib
0x00007fff2c05f000 	/System/Library/PrivateFrameworks/TextureIO.framework/Versions/A/TextureIO
0x00007fff2b013000 	/usr/lib/libate.dylib
0x00007fff2a6a7000 	/usr/lib/system/libcache.dylib
0x00007fff2a663000 	/usr/lib/system/libcommonCrypto.dylib
0x00007fff2a68d000 	/usr/lib/system/libcompiler_rt.dylib
0x00007fff2a682000 	/usr/lib/system/libcopyfile.dylib
0x00007fff200d6000 	/usr/lib/system/libcorecrypto.dylib
0x00007fff201a3000 	/usr/lib/system/libdispatch.dylib
0x00007fff20358000 	/usr/lib/system/libdyld.dylib
0x00007fff2a69e000 	/usr/lib/system/libkeymgr.dylib
0x00007fff2dc42000 	/usr/lib/system/liblaunch.dylib
0x00007fff2a641000 	/usr/lib/system/libmacho.dylib
0x00007fff29e56000 	/usr/lib/system/libquarantine.dylib
0x00007fff2a69b000 	/usr/lib/system/libremovefile.dylib
0x00007fff24acf000 	/usr/lib/system/libsystem_asl.dylib
0x00007fff20086000 	/usr/lib/system/libsystem_blocks.dylib
0x00007fff20225000 	/usr/lib/system/libsystem_c.dylib
0x00007fff2a695000 	/usr/lib/system/libsystem_collections.dylib
0x00007fff29243000 	/usr/lib/system/libsystem_configuration.dylib
0x00007fff2852f000 	/usr/lib/system/libsystem_containermanager.dylib
0x00007fff2a3d9000 	/usr/lib/system/libsystem_coreservices.dylib
0x00007fff226ec000 	/usr/lib/system/libsystem_darwin.dylib
0x00007fff2a69f000 	/usr/lib/system/libsystem_dnssd.dylib
0x00007fff20222000 	/usr/lib/system/libsystem_featureflags.dylib
0x00007fff2039d000 	/usr/lib/system/libsystem_info.dylib
0x00007fff2a5f4000 	/usr/lib/system/libsystem_m.dylib
0x00007fff20176000 	/usr/lib/system/libsystem_malloc.dylib
0x00007fff24a63000 	/usr/lib/system/libsystem_networkextension.dylib
0x00007fff22b07000 	/usr/lib/system/libsystem_notify.dylib
0x00007fff300f6000 	/usr/lib/system/libsystem_product_info_filter.dylib
0x00007fff29247000 	/usr/lib/system/libsystem_sandbox.dylib
0x00007fff2a698000 	/usr/lib/system/libsystem_secinit.dylib
0x00007fff2031d000 	/usr/lib/system/libsystem_kernel.dylib
0x00007fff20393000 	/usr/lib/system/libsystem_platform.dylib
0x00007fff2034c000 	/usr/lib/system/libsystem_pthread.dylib
0x00007fff261fd000 	/usr/lib/system/libsystem_symptoms.dylib
0x00007fff200be000 	/usr/lib/system/libsystem_trace.dylib
0x00007fff2a66f000 	/usr/lib/system/libunwind.dylib
0x00007fff20088000 	/usr/lib/system/libxpc.dylib
0x00007fff20304000 	/usr/lib/libc++abi.dylib
0x00007fff2a67a000 	/usr/lib/liboah.dylib
0x00007fff2ad3e000 	/usr/lib/liblzma.5.dylib
0x00007fff20dbf000 	/System/Library/Frameworks/SystemConfiguration.framework/Versions/A/SystemConfiguration
0x00007fff2a6af000 	/usr/lib/libfakelink.dylib
0x00007fff245c5000 	/System/Library/Frameworks/CFNetwork.framework/Versions/A/CFNetwork
0x00007fff2a7ef000 	/usr/lib/libarchive.2.dylib
0x00007fff20e3d000 	/usr/lib/libCRFSuite.dylib
0x00007fff29e7d000 	/usr/lib/libbsm.0.dylib
0x00007fff23f81000 	/usr/lib/libnetwork.dylib
0x00007fff2a6b4000 	/usr/lib/libpcap.A.dylib
0x00007fff261f6000 	/usr/lib/libdns_services.dylib
0x00007fff2ad57000 	/usr/lib/libcoretls_cfhelpers.dylib
0x00007fff2a8f3000 	/usr/lib/libapple_nghttp2.dylib
0x00007fff2a647000 	/usr/lib/system/libkxld.dylib
0x00007fff25e64000 	/usr/lib/libsqlite3.dylib
0x00007fff2a3bb000 	/System/Library/PrivateFrameworks/AppleFSCompression.framework/Versions/A/AppleFSCompression
0x00007fff29e65000 	/usr/lib/libcoretls.dylib
0x00007fff2a920000 	/usr/lib/libpam.2.dylib
0x00007fff2ae54000 	/usr/lib/libxar.1.dylib
0x00007fff2924e000 	/System/Library/PrivateFrameworks/AppleSystemInfo.framework/Versions/A/AppleSystemInfo
0x00007fff29aa8000 	/System/Library/PrivateFrameworks/IOMobileFramebuffer.framework/Versions/A/IOMobileFramebuffer
0x00007fff2a3cb000 	/usr/lib/libbz2.1.0.dylib
0x00007fff2a6ec000 	/usr/lib/libiconv.2.dylib
0x00007fff2a640000 	/usr/lib/libcharset.1.dylib
0x00007fff273a1000 	/System/Library/Frameworks/CoreServices.framework/Versions/A/Frameworks/FSEvents.framework/Versions/A/FSEvents
0x00007fff226f6000 	/System/Library/Frameworks/CoreServices.framework/Versions/A/Frameworks/CarbonCore.framework/Versions/A/CarbonCore
0x00007fff263ff000 	/System/Library/Frameworks/CoreServices.framework/Versions/A/Frameworks/Metadata.framework/Versions/A/Metadata
0x00007fff2a3de000 	/System/Library/Frameworks/CoreServices.framework/Versions/A/Frameworks/OSServices.framework/Versions/A/OSServices
0x00007fff2a861000 	/System/Library/Frameworks/CoreServices.framework/Versions/A/Frameworks/SearchKit.framework/Versions/A/SearchKit
0x00007fff26180000 	/System/Library/Frameworks/CoreServices.framework/Versions/A/Frameworks/AE.framework/Versions/A/AE
0x00007fff20865000 	/System/Library/Frameworks/CoreServices.framework/Versions/A/Frameworks/LaunchServices.framework/Versions/A/LaunchServices
0x00007fff2acef000 	/System/Library/Frameworks/CoreServices.framework/Versions/A/Frameworks/DictionaryServices.framework/Versions/A/DictionaryServices
0x00007fff273aa000 	/System/Library/Frameworks/CoreServices.framework/Versions/A/Frameworks/SharedFileList.framework/Versions/A/SharedFileList
0x00007fff29e59000 	/usr/lib/libCheckFix.dylib
0x00007fff24ae6000 	/System/Library/PrivateFrameworks/TCC.framework/Versions/A/TCC
0x00007fff29254000 	/System/Library/PrivateFrameworks/CoreNLP.framework/Versions/A/CoreNLP
0x00007fff263b2000 	/System/Library/PrivateFrameworks/MetadataUtilities.framework/Versions/A/MetadataUtilities
0x00007fff20e73000 	/usr/lib/libmecabra.dylib
0x00007fff2a16d000 	/System/Library/Frameworks/MLCompute.framework/Versions/A/MLCompute
0x00007fff29e8e000 	/usr/lib/libmecab.dylib
0x00007fff29ed8000 	/usr/lib/libgermantok.dylib
0x00007fff2a8c9000 	/usr/lib/libThaiTokenizer.dylib
0x00007fff2ae8f000 	/usr/lib/libChineseTokenizer.dylib
0x00007fff2a91e000 	/System/Library/Frameworks/MetalPerformanceShaders.framework/Versions/A/MetalPerformanceShaders
0x00007fff264a1000 	/System/Library/Frameworks/Accelerate.framework/Versions/A/Frameworks/vImage.framework/Versions/A/vImage
0x00007fff301d1000 	/System/Library/Frameworks/Accelerate.framework/Versions/A/Frameworks/vecLib.framework/Versions/A/vecLib
0x00007fff2ae9a000 	/System/Library/Frameworks/Accelerate.framework/Versions/A/Frameworks/vecLib.framework/Versions/A/libvMisc.dylib
0x00007fff29904000 	/System/Library/Frameworks/Accelerate.framework/Versions/A/Frameworks/vecLib.framework/Versions/A/libvDSP.dylib
0x00007fff20b69000 	/System/Library/Frameworks/Accelerate.framework/Versions/A/Frameworks/vecLib.framework/Versions/A/libBLAS.dylib
0x00007fff2a944000 	/System/Library/Frameworks/Accelerate.framework/Versions/A/Frameworks/vecLib.framework/Versions/A/libLAPACK.dylib
0x00007fff29ede000 	/System/Library/Frameworks/Accelerate.framework/Versions/A/Frameworks/vecLib.framework/Versions/A/libLinearAlgebra.dylib
0x00007fff2a90b000 	/System/Library/Frameworks/Accelerate.framework/Versions/A/Frameworks/vecLib.framework/Versions/A/libSparseBLAS.dylib
0x00007fff2a93e000 	/System/Library/Frameworks/Accelerate.framework/Versions/A/Frameworks/vecLib.framework/Versions/A/libQuadrature.dylib
0x00007fff292fc000 	/System/Library/Frameworks/Accelerate.framework/Versions/A/Frameworks/vecLib.framework/Versions/A/libBNNS.dylib
0x00007fff20d50000 	/System/Library/Frameworks/Accelerate.framework/Versions/A/Frameworks/vecLib.framework/Versions/A/libSparse.dylib
0x00007fff291e7000 	/System/Library/Frameworks/MetalPerformanceShaders.framework/Versions/A/Frameworks/MPSCore.framework/Versions/A/MPSCore
0x00007fff2a32a000 	/System/Library/Frameworks/MetalPerformanceShaders.framework/Versions/A/Frameworks/MPSImage.framework/Versions/A/MPSImage
0x00007fff29ef5000 	/System/Library/Frameworks/MetalPerformanceShaders.framework/Versions/A/Frameworks/MPSNeuralNetwork.framework/Versions/A/MPSNeuralNetwork
0x00007fff2a2b5000 	/System/Library/Frameworks/MetalPerformanceShaders.framework/Versions/A/Frameworks/MPSMatrix.framework/Versions/A/MPSMatrix
0x00007fff2a11d000 	/System/Library/Frameworks/MetalPerformanceShaders.framework/Versions/A/Frameworks/MPSRayIntersector.framework/Versions/A/MPSRayIntersector
0x00007fff2a2ec000 	/System/Library/Frameworks/MetalPerformanceShaders.framework/Versions/A/Frameworks/MPSNDArray.framework/Versions/A/MPSNDArray
0x00007fff20a95000 	/System/Library/PrivateFrameworks/MetalTools.framework/Versions/A/MetalTools
0x00007fff2924c000 	/System/Library/PrivateFrameworks/AggregateDictionary.framework/Versions/A/AggregateDictionary
0x00007fff2638a000 	/System/Library/PrivateFrameworks/CoreAnalytics.framework/Versions/A/CoreAnalytics
0x00007fff2a8cb000 	/System/Library/PrivateFrameworks/AppleSauce.framework/Versions/A/AppleSauce
0x00007fff28552000 	/System/Library/PrivateFrameworks/IOAccelerator.framework/Versions/A/IOAccelerator
0x00007fff6cb61000 	/System/Library/Frameworks/OpenGL.framework/Versions/A/Libraries/libCoreFSCache.dylib
0x00007fff2140f000 	/System/Library/PrivateFrameworks/LanguageModeling.framework/Versions/A/LanguageModeling
0x00007fff29a95000 	/System/Library/PrivateFrameworks/CoreEmoji.framework/Versions/A/CoreEmoji
0x00007fff292f5000 	/System/Library/PrivateFrameworks/LinguisticData.framework/Versions/A/LinguisticData
0x00007fff20d02000 	/System/Library/PrivateFrameworks/Lexicon.framework/Versions/A/Lexicon
0x00007fff2a7dd000 	/usr/lib/libcmph.dylib
0x00007fff27381000 	/System/Library/Frameworks/OpenDirectory.framework/Versions/A/Frameworks/CFOpenDirectory.framework/Versions/A/CFOpenDirectory
0x00007fff27371000 	/System/Library/Frameworks/OpenDirectory.framework/Versions/A/OpenDirectory
0x00007fff2ad59000 	/System/Library/PrivateFrameworks/APFS.framework/Versions/A/APFS
0x00007fff29dba000 	/System/Library/Frameworks/SecurityFoundation.framework/Versions/A/SecurityFoundation
0x00007fff2ae62000 	/usr/lib/libutil.dylib
0x00007fff22a1d000 	/System/Library/PrivateFrameworks/CoreServicesStore.framework/Versions/A/CoreServicesStore
0x00007fff29e51000 	/System/Library/Frameworks/ServiceManagement.framework/Versions/A/ServiceManagement
0x00007fff2ae66000 	/usr/lib/libxslt.1.dylib
0x00007fff29e47000 	/System/Library/PrivateFrameworks/BackgroundTaskManagement.framework/Versions/A/BackgroundTaskManagement
0x00007fff2bfaa000 	/System/Library/Frameworks/ImageIO.framework/Versions/A/Resources/libRadiance.dylib
0x00007fff2bfb3000 	/System/Library/Frameworks/ImageIO.framework/Versions/A/Resources/libJPEG.dylib
0x00007fff2beff000 	/System/Library/Frameworks/ImageIO.framework/Versions/A/Resources/libPng.dylib
0x00007fff2bf26000 	/System/Library/Frameworks/ImageIO.framework/Versions/A/Resources/libTIFF.dylib
0x00007fff2c008000 	/System/Library/Frameworks/ImageIO.framework/Versions/A/Resources/libGIF.dylib
0x00007fff2bc63000 	/System/Library/Frameworks/ImageIO.framework/Versions/A/Resources/libJP2.dylib
0x00007fff2b34d000 	/usr/lib/libexpat.1.dylib
0x00007fff2bc18000 	/System/Library/PrivateFrameworks/AppleJPEG.framework/Versions/A/AppleJPEG
0x00007fff28788000 	/System/Library/PrivateFrameworks/FontServices.framework/libFontParser.dylib
0x00007fff26134000 	/System/Library/PrivateFrameworks/RunningBoardServices.framework/Versions/A/RunningBoardServices
0x00007fff2bd41000 	/System/Library/PrivateFrameworks/WatchdogClient.framework/Versions/A/WatchdogClient
0x00007fff214fc000 	/System/Library/Frameworks/CoreDisplay.framework/Versions/A/CoreDisplay
0x00007fff2869e000 	/System/Library/Frameworks/CoreMedia.framework/Versions/A/CoreMedia
0x00007fff274fe000 	/System/Library/Frameworks/CoreVideo.framework/Versions/A/CoreVideo
0x00007fff2bd79000 	/System/Library/Frameworks/VideoToolbox.framework/Versions/A/VideoToolbox
0x00007fff260b2000 	/System/Library/PrivateFrameworks/BaseBoard.framework/Versions/A/BaseBoard
0x00007fff2b492000 	/System/Library/PrivateFrameworks/PersistentConnection.framework/Versions/A/PersistentConnection
0x00007fff25e4d000 	/System/Library/PrivateFrameworks/ProtocolBuffer.framework/Versions/A/ProtocolBuffer
0x00007fff26099000 	/System/Library/PrivateFrameworks/CommonUtilities.framework/Versions/A/CommonUtilities
0x00007fff2bbad000 	/System/Library/PrivateFrameworks/Bom.framework/Versions/A/Bom
0x00007fff2bfa3000 	/System/Library/PrivateFrameworks/GPUWrangler.framework/Versions/A/GPUWrangler
0x00007fff2bf86000 	/System/Library/PrivateFrameworks/IOPresentment.framework/Versions/A/IOPresentment
0x00007fff2bfad000 	/System/Library/PrivateFrameworks/DSExternalDisplay.framework/Versions/A/DSExternalDisplay
0x00007fff2c00d000 	/System/Library/PrivateFrameworks/CMCaptureCore.framework/Versions/A/CMCaptureCore
0x00007fff2b932000 	/System/Library/PrivateFrameworks/AppServerSupport.framework/Versions/A/AppServerSupport
0x00007fff2d9e1000 	/System/Library/PrivateFrameworks/perfdata.framework/Versions/A/perfdata
0x00007fff29da9000 	/System/Library/PrivateFrameworks/AssertionServices.framework/Versions/A/AssertionServices
0x00007fff21633000 	/System/Library/PrivateFrameworks/AudioToolboxCore.framework/Versions/A/AudioToolboxCore
0x00007fff28681000 	/System/Library/PrivateFrameworks/caulk.framework/Versions/A/caulk
0x00007fff3d68c000 	/System/Library/PrivateFrameworks/SystemPolicy.framework/Versions/A/SystemPolicy
0x00007fff2b142000 	/usr/lib/libIOReport.dylib
0x00007fff2d203000 	/usr/lib/libSMC.dylib
0x00007fff2becc000 	/usr/lib/libAudioToolboxUtility.dylib
0x00007fff3dff6000 	/usr/lib/libmis.dylib
0x00007fff6cbbd000 	/System/Library/Frameworks/OpenGL.framework/Versions/A/Libraries/libGLU.dylib
0x00007fff6cb80000 	/System/Library/Frameworks/OpenGL.framework/Versions/A/Libraries/libGFXShared.dylib
0x00007fff6cd8f000 	/System/Library/Frameworks/OpenGL.framework/Versions/A/Libraries/libGL.dylib
0x00007fff6cb89000 	/System/Library/Frameworks/OpenGL.framework/Versions/A/Libraries/libGLImage.dylib
0x00007fff6cb7d000 	/System/Library/Frameworks/OpenGL.framework/Versions/A/Libraries/libCVMSPluginSupport.dylib
0x00007fff6cb68000 	/System/Library/Frameworks/OpenGL.framework/Versions/A/Libraries/libCoreVMClient.dylib
0x00007fff6e1d0000 	/System/Library/Frameworks/OpenCL.framework/Versions/A/OpenCL
0x00007fff2b4bc000 	/System/Library/PrivateFrameworks/GraphVisualizer.framework/Versions/A/GraphVisualizer
0x00007fff2b4cb000 	/System/Library/PrivateFrameworks/FaceCore.framework/Versions/A/FaceCore
0x00007fff2b8e7000 	/System/Library/PrivateFrameworks/OTSVG.framework/Versions/A/OTSVG
0x00007fff270f5000 	/System/Library/Frameworks/ApplicationServices.framework/Versions/A/Frameworks/ATS.framework/Versions/A/Resources/libFontRegistry.dylib
0x00007fff2b939000 	/System/Library/PrivateFrameworks/FontServices.framework/libhvf.dylib
0x00007fff2b2f9000 	/System/Library/PrivateFrameworks/AppleVA.framework/Versions/A/AppleVA
0x00007fff2d04c000 	/System/Library/Frameworks/ApplicationServices.framework/Versions/A/Frameworks/ATS.framework/Versions/A/ATS
0x00007fff2d35e000 	/System/Library/Frameworks/ApplicationServices.framework/Versions/A/Frameworks/ColorSyncLegacy.framework/Versions/A/ColorSyncLegacy
0x00007fff25616000 	/System/Library/Frameworks/ApplicationServices.framework/Versions/A/Frameworks/HIServices.framework/Versions/A/HIServices
0x00007fff2d343000 	/System/Library/Frameworks/ApplicationServices.framework/Versions/A/Frameworks/LangAnalysis.framework/Versions/A/LangAnalysis
0x00007fff2c017000 	/System/Library/Frameworks/ApplicationServices.framework/Versions/A/Frameworks/PrintCore.framework/Versions/A/PrintCore
0x00007fff2d366000 	/System/Library/Frameworks/ApplicationServices.framework/Versions/A/Frameworks/QD.framework/Versions/A/QD
0x00007fff2d03c000 	/System/Library/Frameworks/ApplicationServices.framework/Versions/A/Frameworks/SpeechSynthesis.framework/Versions/A/SpeechSynthesis
0x00007fff2bfd8000 	/System/Library/Frameworks/ApplicationServices.framework/Versions/A/Frameworks/ATSUI.framework/Versions/A/ATSUI
0x00007fff2d2e3000 	/usr/lib/libcups.2.dylib
0x00007fff2d353000 	/System/Library/PrivateFrameworks/NetAuth.framework/Versions/A/NetAuth
0x00007fff2d9fd000 	/System/Library/Frameworks/Kerberos.framework/Versions/A/Kerberos
0x00007fff2da0d000 	/System/Library/Frameworks/GSS.framework/Versions/A/GSS
0x00007fff2d0b8000 	/usr/lib/libresolv.9.dylib
0x00007fff2b94e000 	/System/Library/PrivateFrameworks/Heimdal.framework/Versions/A/Heimdal
0x00007fff33791000 	/System/Library/Frameworks/Kerberos.framework/Versions/A/Libraries/libHeimdalProxy.dylib
0x00007fff26205000 	/System/Library/Frameworks/Network.framework/Versions/A/Network
0x00007fff2b367000 	/usr/lib/libheimdal-asn1.dylib
0x00007fff2da5d000 	/System/Library/PrivateFrameworks/CommonAuth.framework/Versions/A/CommonAuth
0x00007fff2754b000 	/System/Library/PrivateFrameworks/login.framework/Versions/A/Frameworks/loginsupport.framework/Versions/A/loginsupport
0x00007fff2cfc1000 	/System/Library/PrivateFrameworks/AudioSession.framework/Versions/A/AudioSession
0x00007fff2d029000 	/usr/lib/libAudioStatistics.dylib
0x00007fff2b3f4000 	/System/Library/PrivateFrameworks/MediaExperience.framework/Versions/A/MediaExperience
0x00007fff2ce5e000 	/System/Library/PrivateFrameworks/AudioSession.framework/libSessionUtility.dylib
0x00007fff2d9ee000 	/usr/lib/libperfcheck.dylib
0x00007fff2d372000 	/System/Library/PrivateFrameworks/AudioResourceArbitration.framework/Versions/A/AudioResourceArbitration
0x00007fff2b371000 	/System/Library/PrivateFrameworks/IconFoundation.framework/Versions/A/IconFoundation
0x00007fff2fe9b000 	/System/Library/PrivateFrameworks/SpeechRecognitionCore.framework/Versions/A/SpeechRecognitionCore
0x000000010e800000 	/Library/Internet Plug-Ins/JavaAppletPlugin.plugin/Contents/Home/lib/server/libjvm.dylib
0x000000010a409000 	/Library/Internet Plug-Ins/JavaAppletPlugin.plugin/Contents/Home/lib/libverify.dylib
0x000000010a42f000 	/Library/Internet Plug-Ins/JavaAppletPlugin.plugin/Contents/Home/lib/libjava.dylib
0x000000010a4f4000 	/Library/Internet Plug-Ins/JavaAppletPlugin.plugin/Contents/Home/lib/libzip.dylib
0x0000000148821000 	/Library/Internet Plug-Ins/JavaAppletPlugin.plugin/Contents/Home/lib/libnet.dylib
0x0000000149efc000 	/Library/Internet Plug-Ins/JavaAppletPlugin.plugin/Contents/Home/lib/libmanagement.dylib
0x0000000149f92000 	/Library/Internet Plug-Ins/JavaAppletPlugin.plugin/Contents/Home/lib/libosx.dylib
0x0000000149fb9000 	/Library/Internet Plug-Ins/JavaAppletPlugin.plugin/Contents/Home/lib/libosxapp.dylib
0x00007fff6f9fd000 	/System/Library/Frameworks/JavaNativeFoundation.framework/Versions/A/JavaNativeFoundation
0x00007fff6fa09000 	/System/Library/Frameworks/JavaRuntimeSupport.framework/Versions/A/JavaRuntimeSupport
0x00007fff3d404000 	/System/Library/Frameworks/Carbon.framework/Versions/A/Carbon
0x00007fff3c7c4000 	/System/Library/Frameworks/ExceptionHandling.framework/Versions/A/ExceptionHandling
0x00007fff366fe000 	/System/Library/Frameworks/Carbon.framework/Versions/A/Frameworks/CommonPanels.framework/Versions/A/CommonPanels
0x00007fff3324b000 	/System/Library/Frameworks/Carbon.framework/Versions/A/Frameworks/Help.framework/Versions/A/Help
0x00007fff36702000 	/System/Library/Frameworks/Carbon.framework/Versions/A/Frameworks/ImageCapture.framework/Versions/A/ImageCapture
0x00007fff366da000 	/System/Library/Frameworks/Carbon.framework/Versions/A/Frameworks/OpenScripting.framework/Versions/A/OpenScripting
0x00007fff366fa000 	/System/Library/Frameworks/Carbon.framework/Versions/A/Frameworks/Ink.framework/Versions/A/Ink
0x00007fff3d400000 	/System/Library/Frameworks/Carbon.framework/Versions/A/Frameworks/Print.framework/Versions/A/Print
0x00007fff366f6000 	/System/Library/Frameworks/Carbon.framework/Versions/A/Frameworks/SecurityHI.framework/Versions/A/SecurityHI
0x00007fff31e65000 	/System/Library/PrivateFrameworks/CoreSymbolication.framework/Versions/A/CoreSymbolication
0x00007fff31e28000 	/System/Library/PrivateFrameworks/DebugSymbols.framework/Versions/A/DebugSymbols
0x000000014a038000 	/Library/Internet Plug-Ins/JavaAppletPlugin.plugin/Contents/Home/lib/libjaas_unix.dylib
0x000000014a611000 	/Library/Internet Plug-Ins/JavaAppletPlugin.plugin/Contents/Home/lib/libnio.dylib
0x000000014e4ad000 	/Library/Internet Plug-Ins/JavaAppletPlugin.plugin/Contents/Home/lib/libsunec.dylib
0x000000014f107000 	/private/var/folders/g5/7wq0fkr9163bn97nrthf6cvm0000gn/T/liblz4-java-583458400404588862.dylib
0x0000000150e05000 	/private/var/folders/g5/7wq0fkr9163bn97nrthf6cvm0000gn/T/librocksdbjni1993114166104686775.jnilib
0x00000001491ce000 	/Users/dwaste/.javacpp/cache/com.johnsnowlabs.nlp_tensorflow-cpu_2.12-0.4.4.jar/org/bytedeco/javacpp/macosx-x86_64/libjnijavacpp.dylib
0x0000000152275000 	/Users/dwaste/.javacpp/cache/com.johnsnowlabs.nlp_tensorflow-cpu_2.12-0.4.4.jar/org/tensorflow/internal/c_api/macosx-x86_64/libtensorflow_framework.2.dylib

VM Arguments:
jvm_args: -Xmx16G 
java_command: org.apache.spark.deploy.SparkSubmit --conf spark.master=local[*] --conf spark.driver.memory=16G --conf spark.kryoserializer.buffer.max=2000M --conf spark.driver.maxResultSize=0 --conf spark.jars.packages=com.johnsnowlabs.nlp:spark-nlp_2.12:4.4.1 --conf spark.serializer=org.apache.spark.serializer.KryoSerializer --conf spark.app.name=Spark NLP pyspark-shell
java_class_path (initial): /Users/dwaste/anaconda3/lib/python3.10/site-packages/pyspark/conf:/Users/dwaste/anaconda3/lib/python3.10/site-packages/pyspark/jars/dropwizard-metrics-hadoop-metrics2-reporter-0.1.2.jar:/Users/dwaste/anaconda3/lib/python3.10/site-packages/pyspark/jars/xercesImpl-2.12.0.jar:/Users/dwaste/anaconda3/lib/python3.10/site-packages/pyspark/jars/hadoop-annotations-2.7.4.jar:/Users/dwaste/anaconda3/lib/python3.10/site-packages/pyspark/jars/hadoop-mapreduce-client-jobclient-2.7.4.jar:/Users/dwaste/anaconda3/lib/python3.10/site-packages/pyspark/jars/okhttp-3.12.6.jar:/Users/dwaste/anaconda3/lib/python3.10/site-packages/pyspark/jars/jakarta.xml.bind-api-2.3.2.jar:/Users/dwaste/anaconda3/lib/python3.10/site-packages/pyspark/jars/machinist_2.12-0.6.8.jar:/Users/dwaste/anaconda3/lib/python3.10/site-packages/pyspark/jars/hadoop-hdfs-2.7.4.jar:/Users/dwaste/anaconda3/lib/python3.10/site-packages/pyspark/jars/hadoop-yarn-server-common-2.7.4.jar:/Users/dwaste/anaconda3/lib/python3.10/site-packages/pyspark/jars/commons-lang3-3.9.jar:/Users/dwaste/anaconda3/lib/python3.10/site-packages/pyspark/jars/jaxb-runtime-2.3.2.jar:/Users/dwaste/anaconda3/lib/python3.10/site-packages/pyspark/jars/kubernetes-model-4.9.2.jar:/Users/dwaste/anaconda3/lib/python3.10/site-packages/pyspark/jars/minlog-1.3.0.jar:/Users/dwaste/anaconda3/lib/python3.10/site-packages/pyspark/jars/arrow-vector-0.15.1.jar:/Users/dwaste/anaconda3/lib/python3.10/site-packages/pyspark/jars/xz-1.5.jar:/Users/dwaste/anaconda3/lib/python3.10/site-packages/pyspark/jars/hive-shims-scheduler-2.3.7.jar:/Users/dwaste/anaconda3/lib/python3.10/site-packages/pyspark/jars/javolution-5.5.1.jar:/Users/dwaste/anaconda3/lib/python3.10/site-packages/pyspark/jars/spark-repl_2.12-3.0.1.jar:/Users/dwaste/anaconda3/lib/python3.10/site-packages/pyspark/jars/jta-1.1.jar:/Users/dwaste/anaconda3/lib/python3.10/site-packages/pyspark/jars/threeten-extra-1.5.0.jar:/Users/dwaste/anaconda3/lib/python3.10/site-packages/pyspark/jars
Launcher Type: SUN_STANDARD

Environment Variables:
PATH=/Users/dwaste/anaconda3/bin:/Users/dwaste/anaconda3/condabin:/opt/homebrew/bin:/opt/homebrew/sbin:/Library/Frameworks/Python.framework/Versions/3.11/bin:/Library/Frameworks/Python.framework/Versions/3.6/bin:/opt/local/bin:/opt/local/sbin:/Library/Frameworks/Python.framework/Versions/3.10/bin:/usr/local/bin:/usr/bin:/bin:/usr/sbin:/sbin:/Applications/VMware Fusion Tech Preview.app/Contents/Public:/Library/TeX/texbin
SHELL=/bin/zsh

Signal Handlers:
SIGSEGV: [libjvm.dylib+0x59e9bf], sa_mask[0]=11111111111111111111111111111111, sa_flags=SA_ONSTACK|SA_RESTART|SA_SIGINFO
SIGBUS: [libjvm.dylib+0x59e9bf], sa_mask[0]=11111111111111111111111111111111, sa_flags=SA_RESTART|SA_SIGINFO
SIGFPE: [libjvm.dylib+0x59e9bf], sa_mask[0]=11111111111111111111111111111111, sa_flags=SA_RESTART|SA_SIGINFO
SIGPIPE: [libjvm.dylib+0x492256], sa_mask[0]=11111111111111111111111111111111, sa_flags=SA_RESTART|SA_SIGINFO
SIGXFSZ: [libjvm.dylib+0x492256], sa_mask[0]=11111111111111111111111111111111, sa_flags=SA_RESTART|SA_SIGINFO
SIGILL: [libjvm.dylib+0x59e9bf], sa_mask[0]=11111111111111111111111111111111, sa_flags=SA_RESTART|SA_SIGINFO
SIGUSR1: SIG_DFL, sa_mask[0]=00000000000000000000000000000000, sa_flags=SA_RESTART
SIGUSR2: [libjvm.dylib+0x49287a], sa_mask[0]=00000000000000000000000000000000, sa_flags=SA_RESTART|SA_SIGINFO
SIGHUP: [libjvm.dylib+0x490a13], sa_mask[0]=11111111111111111111111111111111, sa_flags=SA_RESTART|SA_SIGINFO
SIGINT: SIG_IGN, sa_mask[0]=00000000000000000000000000000000, sa_flags=none
SIGTERM: [libjvm.dylib+0x490a13], sa_mask[0]=11111111111111111111111111111111, sa_flags=SA_RESTART|SA_SIGINFO
SIGQUIT: [libjvm.dylib+0x490a13], sa_mask[0]=11111111111111111111111111111111, sa_flags=SA_RESTART|SA_SIGINFO


---------------  S Y S T E M  ---------------

OS:Bsduname:Darwin 20.3.0 Darwin Kernel Version 20.3.0: Thu Jan 21 00:06:51 PST 2021; root:xnu-7195.81.3~1/RELEASE_ARM64_T8101 x86_64
rlimit: STACK 8176k, CORE 0k, NPROC 1333, NOFILE 10240, AS infinity
load average:37.04 32.36 14.62

CPU:total 8 (initial active 8) (1 cores per cpu, 1 threads per core) family 6 model 44 stepping 0, cmov, cx8, fxsr, mmx, sse, sse2, sse3, ssse3, sse4.1, sse4.2, popcnt, aes, clmul, tsc, tscinvbit, tscinv

Memory: 4k page, physical 8388608k(195340k free)

/proc/meminfo:


vm_info: Java HotSpot(TM) 64-Bit Server VM (25.361-b09) for bsd-amd64 JRE (1.8.0_361-b09), built on Jan  9 2023 08:31:35 by "java_re" with gcc 4.2.1 Compatible Apple LLVM 11.0.0 (clang-1100.0.33.17)

time: Sat May  6 10:36:39 2023
timezone: PDT
elapsed time: 72.416204 seconds (0d 0h 1m 12s)

